#
# There is insufficient memory for the Java Runtime Environment to continue.
# Native memory allocation (malloc) failed to allocate 48912 bytes for Chunk::new
# Possible reasons:
#   The system is out of physical RAM or swap space
#   The process is running with CompressedOops enabled, and the Java Heap may be blocking the growth of the native heap
# Possible solutions:
#   Reduce memory load on the system
#   Increase physical memory or swap space
#   Check if swap backing store is full
#   Decrease Java heap size (-Xmx/-Xms)
#   Decrease number of Java threads
#   Decrease Java thread stack sizes (-Xss)
#   Set larger code cache with -XX:ReservedCodeCacheSize=
#   JVM is running with Unscaled Compressed Oops mode in which the Java heap is
#     placed in the first 4GB address space. The Java Heap base address is the
#     maximum limit for the native heap growth. Please use -XX:HeapBaseMinAddress
#     to set the Java Heap base and to place the Java Heap above 4GB virtual address.
# This output file may be truncated or incomplete.
#
#  Out of Memory Error (arena.cpp:189), pid=10512, tid=6716
#
# JRE version: OpenJDK Runtime Environment (17.0.6) (build 17.0.6+0-b2043.56-10027231)
# Java VM: OpenJDK 64-Bit Server VM (17.0.6+0-b2043.56-10027231, mixed mode, tiered, compressed oops, compressed class ptrs, g1 gc, windows-amd64)
# No core dump will be written. Minidumps are not enabled by default on client versions of Windows
#

---------------  S U M M A R Y ------------

Command Line: --add-opens=java.base/java.util=ALL-UNNAMED --add-opens=java.base/java.lang=ALL-UNNAMED --add-opens=java.base/java.lang.invoke=ALL-UNNAMED --add-opens=java.base/java.util=ALL-UNNAMED --add-opens=java.prefs/java.util.prefs=ALL-UNNAMED --add-opens=java.prefs/java.util.prefs=ALL-UNNAMED --add-opens=java.base/java.nio.charset=ALL-UNNAMED --add-opens=java.base/java.net=ALL-UNNAMED --add-opens=java.base/java.util.concurrent.atomic=ALL-UNNAMED -Xmx1536M -Dfile.encoding=windows-1252 -Duser.country=US -Duser.language=en -Duser.variant org.gradle.launcher.daemon.bootstrap.GradleDaemon 7.5

Host: Intel(R) Core(TM) i7-8565U CPU @ 1.80GHz, 8 cores, 7G,  Windows 10 , 64 bit Build 19041 (10.0.19041.3570)
Time: Fri Oct 20 04:11:31 2023 Egypt Daylight Time elapsed time: 21.232225 seconds (0d 0h 0m 21s)

---------------  T H R E A D  ---------------

Current thread (0x000002a0c6826900):  JavaThread "C2 CompilerThread0" daemon [_thread_in_native, id=6716, stack(0x000000e33c000000,0x000000e33c100000)]


Current CompileTask:
C2:  21232 10215       4       org.gradle.internal.logging.text.AbstractLineChoppingStyledTextOutput$1::execute (9 bytes)

Stack: [0x000000e33c000000,0x000000e33c100000]
Native frames: (J=compiled Java code, j=interpreted, Vv=VM code, C=native code)
V  [jvm.dll+0x683c9a]
V  [jvm.dll+0x8427a4]
V  [jvm.dll+0x843f9e]
V  [jvm.dll+0x844603]
V  [jvm.dll+0x249b75]
V  [jvm.dll+0xabcac]
V  [jvm.dll+0xac27c]
V  [jvm.dll+0x11f257]
V  [jvm.dll+0x615b35]
V  [jvm.dll+0x614204]
V  [jvm.dll+0x21c078]
V  [jvm.dll+0x21b621]
V  [jvm.dll+0x1a4fdd]
V  [jvm.dll+0x22b098]
V  [jvm.dll+0x229159]
V  [jvm.dll+0x7f81ec]
V  [jvm.dll+0x7f274a]
V  [jvm.dll+0x682ad5]
C  [ucrtbase.dll+0x21bb2]
C  [KERNEL32.DLL+0x17344]
C  [ntdll.dll+0x526b1]


---------------  P R O C E S S  ---------------

Threads class SMR info:
_java_thread_list=0x000002a0cdf260f0, length=141, elements={
0x000002a0acbeff10, 0x000002a0c6852030, 0x000002a0c68528f0, 0x000002a0c6822450,
0x000002a0c6825130, 0x000002a0c6881a20, 0x000002a0c6880210, 0x000002a0c6826900,
0x000002a0c688dd40, 0x000002a0c6898270, 0x000002a0c68806e0, 0x000002a0c687e060,
0x000002a0c687f870, 0x000002a0c687fd40, 0x000002a0c6880bb0, 0x000002a0c6881080,
0x000002a0c687ea00, 0x000002a0c687e530, 0x000002a0c6881550, 0x000002a0c687eed0,
0x000002a0c91b2540, 0x000002a0c91b46f0, 0x000002a0c91b4220, 0x000002a0c91b2a10,
0x000002a0c91afec0, 0x000002a0c91b3880, 0x000002a0c91b33b0, 0x000002a0c91b5560,
0x000002a0c91b63d0, 0x000002a0c91b0390, 0x000002a0c91b4bc0, 0x000002a0c91b3d50,
0x000002a0c91b16d0, 0x000002a0c91b1ba0, 0x000002a0c91b1200, 0x000002a0c91b7240,
0x000002a0c91b5f00, 0x000002a0c91b0860, 0x000002a0c91b0d30, 0x000002a0c91b2070,
0x000002a0c91b2ee0, 0x000002a0c9b59d50, 0x000002a0c9b5b090, 0x000002a0c9b5c3d0,
0x000002a0c9b59880, 0x000002a0c9b5ba30, 0x000002a0c9b5dbe0, 0x000002a0c9b5ea50,
0x000002a0c9b5a220, 0x000002a0c9b5b560, 0x000002a0c9b5a6f0, 0x000002a0c9b5bf00,
0x000002a0c9b58ee0, 0x000002a0c9b5e0b0, 0x000002a0c9b5d240, 0x000002a0c9b5c8a0,
0x000002a0c9b5fd90, 0x000002a0c9b5cd70, 0x000002a0c9b593b0, 0x000002a0c9b5e580,
0x000002a0c9b5d710, 0x000002a0c9b5abc0, 0x000002a0c9b5ef20, 0x000002a0c9b5f3f0,
0x000002a0c9b5f8c0, 0x000002a0c9b60260, 0x000002a0c9b60730, 0x000002a0c9c7cc90,
0x000002a0c9c83b40, 0x000002a0c9c7ee40, 0x000002a0c9c7d630, 0x000002a0c9c7db00,
0x000002a0c9c81e60, 0x000002a0c9c814c0, 0x000002a0c9c81990, 0x000002a0c9c80b20,
0x000002a0c9c7c7c0, 0x000002a0c9c82cd0, 0x000002a0c9c7f310, 0x000002a0c9c7dfd0,
0x000002a0c9c831a0, 0x000002a0c9c7e4a0, 0x000002a0c9c83670, 0x000002a0c9c7c2f0,
0x000002a0c9c80180, 0x000002a0c9c80ff0, 0x000002a0c9c7f7e0, 0x000002a0c9c7fcb0,
0x000002a0c9c7d160, 0x000002a0c9c82330, 0x000002a0c9c7e970, 0x000002a0c9c80650,
0x000002a0c9c82800, 0x000002a0c9b8ab60, 0x000002a0c9b8c370, 0x000002a0c9b8a1c0,
0x000002a0c9b8c840, 0x000002a0c9b8d6b0, 0x000002a0c9b90200, 0x000002a0c9b8fd30,
0x000002a0c9b8b030, 0x000002a0c9b89cf0, 0x000002a0c9b906d0, 0x000002a0c9b8cd10,
0x000002a0c9b8db80, 0x000002a0c9b88e80, 0x000002a0c9b89820, 0x000002a0c9b89350,
0x000002a0c9b8f390, 0x000002a0c9b8eec0, 0x000002a0c9b8b500, 0x000002a0c9b8a690,
0x000002a0c9b8b9d0, 0x000002a0c9b8bea0, 0x000002a0c9b8d1e0, 0x000002a0c9b8e050,
0x000002a0c9b8e520, 0x000002a0c9b8e9f0, 0x000002a0c9b8f860, 0x000002a0c7ae45b0,
0x000002a0c7ae92b0, 0x000002a0c7ae6760, 0x000002a0c7ae9780, 0x000002a0c7ae75d0,
0x000002a0c7ae3270, 0x000002a0c7ae9c50, 0x000002a0c7ae8de0, 0x000002a0c7ae6290,
0x000002a0c7ae3740, 0x000002a0c7ae40e0, 0x000002a0c7ae58f0, 0x000002a0c7ae7aa0,
0x000002a0c7ae6c30, 0x000002a0c7ae3c10, 0x000002a0c7ae7100, 0x000002a0cdf18080,
0x000002a0cdf15ed0, 0x000002a0cdf11b70, 0x000002a0cdf12040, 0x000002a0cdf12510,
0x000002a0cdf163a0
}

Java Threads: ( => current thread )
  0x000002a0acbeff10 JavaThread "main" [_thread_blocked, id=14408, stack(0x000000e33b300000,0x000000e33b400000)]
  0x000002a0c6852030 JavaThread "Reference Handler" daemon [_thread_blocked, id=8404, stack(0x000000e33ba00000,0x000000e33bb00000)]
  0x000002a0c68528f0 JavaThread "Finalizer" daemon [_thread_blocked, id=15524, stack(0x000000e33bb00000,0x000000e33bc00000)]
  0x000002a0c6822450 JavaThread "Signal Dispatcher" daemon [_thread_blocked, id=17824, stack(0x000000e33bc00000,0x000000e33bd00000)]
  0x000002a0c6825130 JavaThread "Attach Listener" daemon [_thread_blocked, id=18248, stack(0x000000e33bd00000,0x000000e33be00000)]
  0x000002a0c6881a20 JavaThread "Service Thread" daemon [_thread_blocked, id=17108, stack(0x000000e33be00000,0x000000e33bf00000)]
  0x000002a0c6880210 JavaThread "Monitor Deflation Thread" daemon [_thread_blocked, id=6792, stack(0x000000e33bf00000,0x000000e33c000000)]
=>0x000002a0c6826900 JavaThread "C2 CompilerThread0" daemon [_thread_in_native, id=6716, stack(0x000000e33c000000,0x000000e33c100000)]
  0x000002a0c688dd40 JavaThread "C1 CompilerThread0" daemon [_thread_blocked, id=5580, stack(0x000000e33c100000,0x000000e33c200000)]
  0x000002a0c6898270 JavaThread "Sweeper thread" daemon [_thread_blocked, id=12768, stack(0x000000e33c200000,0x000000e33c300000)]
  0x000002a0c68806e0 JavaThread "Common-Cleaner" daemon [_thread_blocked, id=13268, stack(0x000000e33c300000,0x000000e33c400000)]
  0x000002a0c687e060 JavaThread "Notification Thread" daemon [_thread_blocked, id=9900, stack(0x000000e33c400000,0x000000e33c500000)]
  0x000002a0c687f870 JavaThread "Daemon health stats" [_thread_blocked, id=18172, stack(0x000000e33ca00000,0x000000e33cb00000)]
  0x000002a0c687fd40 JavaThread "Incoming local TCP Connector on port 50392" [_thread_in_native, id=1144, stack(0x000000e33cb00000,0x000000e33cc00000)]
  0x000002a0c6880bb0 JavaThread "Daemon periodic checks" [_thread_blocked, id=14456, stack(0x000000e33cc00000,0x000000e33cd00000)]
  0x000002a0c6881080 JavaThread "Daemon" [_thread_blocked, id=10216, stack(0x000000e33cd00000,0x000000e33ce00000)]
  0x000002a0c687ea00 JavaThread "Handler for socket connection from /127.0.0.1:50392 to /127.0.0.1:50393" [_thread_in_native, id=18356, stack(0x000000e33ce00000,0x000000e33cf00000)]
  0x000002a0c687e530 JavaThread "Cancel handler" [_thread_blocked, id=16044, stack(0x000000e33cf00000,0x000000e33d000000)]
  0x000002a0c6881550 JavaThread "Daemon worker" [_thread_blocked, id=7132, stack(0x000000e33d000000,0x000000e33d100000)]
  0x000002a0c687eed0 JavaThread "Asynchronous log dispatcher for DefaultDaemonConnection: socket connection from /127.0.0.1:50392 to /127.0.0.1:50393" [_thread_blocked, id=17684, stack(0x000000e33d100000,0x000000e33d200000)]
  0x000002a0c91b2540 JavaThread "Stdin handler" [_thread_blocked, id=13152, stack(0x000000e33d200000,0x000000e33d300000)]
  0x000002a0c91b46f0 JavaThread "Daemon client event forwarder" [_thread_blocked, id=14244, stack(0x000000e33d300000,0x000000e33d400000)]
  0x000002a0c91b4220 JavaThread "Cache worker for journal cache (C:\Users\User\.gradle\caches\journal-1)" [_thread_blocked, id=3336, stack(0x000000e33d400000,0x000000e33d500000)]
  0x000002a0c91b2a10 JavaThread "File lock request listener" [_thread_in_native, id=17980, stack(0x000000e33d500000,0x000000e33d600000)]
  0x000002a0c91afec0 JavaThread "Cache worker for file hash cache (C:\Users\User\.gradle\caches\7.5\fileHashes)" [_thread_blocked, id=10128, stack(0x000000e33da00000,0x000000e33db00000)]
  0x000002a0c91b3880 JavaThread "File watcher server" daemon [_thread_in_native, id=15968, stack(0x000000e33db00000,0x000000e33dc00000)]
  0x000002a0c91b33b0 JavaThread "File watcher consumer" daemon [_thread_blocked, id=10860, stack(0x000000e33dc00000,0x000000e33dd00000)]
  0x000002a0c91b5560 JavaThread "Cache worker for checksums cache (E:\ss\flutter\zflutter project\weather_application\android\.gradle\7.5\checksums)" [_thread_blocked, id=14032, stack(0x000000e33dd00000,0x000000e33de00000)]
  0x000002a0c91b63d0 JavaThread "Cache worker for cache directory md-rule (C:\Users\User\.gradle\caches\7.5\md-rule)" [_thread_blocked, id=15736, stack(0x000000e33de00000,0x000000e33df00000)]
  0x000002a0c91b0390 JavaThread "Cache worker for file content cache (C:\Users\User\.gradle\caches\7.5\fileContent)" [_thread_blocked, id=17412, stack(0x000000e33df00000,0x000000e33e000000)]
  0x000002a0c91b4bc0 JavaThread "Cache worker for file hash cache (E:\ss\flutter\zflutter project\weather_application\android\.gradle\7.5\fileHashes)" [_thread_blocked, id=15800, stack(0x000000e33e000000,0x000000e33e100000)]
  0x000002a0c91b3d50 JavaThread "Cache worker for cache directory md-supplier (C:\Users\User\.gradle\caches\7.5\md-supplier)" [_thread_blocked, id=15600, stack(0x000000e33e100000,0x000000e33e200000)]
  0x000002a0c91b16d0 JavaThread "Cache worker for execution history cache (C:\Users\User\.gradle\caches\7.5\executionHistory)" [_thread_blocked, id=12992, stack(0x000000e33e200000,0x000000e33e300000)]
  0x000002a0c91b1ba0 JavaThread "jar transforms" [_thread_blocked, id=16412, stack(0x000000e33e300000,0x000000e33e400000)]
  0x000002a0c91b1200 JavaThread "jar transforms Thread 2" [_thread_blocked, id=3924, stack(0x000000e33e400000,0x000000e33e500000)]
  0x000002a0c91b7240 JavaThread "jar transforms Thread 3" [_thread_blocked, id=18012, stack(0x000000e33e500000,0x000000e33e600000)]
  0x000002a0c91b5f00 JavaThread "jar transforms Thread 4" [_thread_blocked, id=12052, stack(0x000000e33e600000,0x000000e33e700000)]
  0x000002a0c91b0860 JavaThread "Cache worker for dependencies-accessors (E:\ss\flutter\zflutter project\weather_application\android\.gradle\7.5\dependencies-accessors)" [_thread_blocked, id=11764, stack(0x000000e33e700000,0x000000e33e800000)]
  0x000002a0c91b0d30 JavaThread "jar transforms Thread 5" [_thread_blocked, id=14384, stack(0x000000e33e800000,0x000000e33e900000)]
  0x000002a0c91b2070 JavaThread "Cache worker for Build Output Cleanup Cache (E:\ss\flutter\zflutter project\weather_application\android\.gradle\buildOutputCleanup)" [_thread_blocked, id=13636, stack(0x000000e33e900000,0x000000e33ea00000)]
  0x000002a0c91b2ee0 JavaThread "Unconstrained build operations" [_thread_blocked, id=10584, stack(0x000000e33ea00000,0x000000e33eb00000)]
  0x000002a0c9b59d50 JavaThread "Unconstrained build operations Thread 2" [_thread_blocked, id=3856, stack(0x000000e33eb00000,0x000000e33ec00000)]
  0x000002a0c9b5b090 JavaThread "Unconstrained build operations Thread 3" [_thread_blocked, id=16152, stack(0x000000e33ec00000,0x000000e33ed00000)]
  0x000002a0c9b5c3d0 JavaThread "Unconstrained build operations Thread 4" [_thread_blocked, id=15760, stack(0x000000e33ed00000,0x000000e33ee00000)]
  0x000002a0c9b59880 JavaThread "Unconstrained build operations Thread 5" [_thread_blocked, id=12528, stack(0x000000e33ee00000,0x000000e33ef00000)]
  0x000002a0c9b5ba30 JavaThread "Unconstrained build operations Thread 6" [_thread_blocked, id=17448, stack(0x000000e33ef00000,0x000000e33f000000)]
  0x000002a0c9b5dbe0 JavaThread "Unconstrained build operations Thread 7" [_thread_blocked, id=8440, stack(0x000000e33f000000,0x000000e33f100000)]
  0x000002a0c9b5ea50 JavaThread "Unconstrained build operations Thread 8" [_thread_blocked, id=5532, stack(0x000000e33f100000,0x000000e33f200000)]
  0x000002a0c9b5a220 JavaThread "Unconstrained build operations Thread 9" [_thread_blocked, id=7340, stack(0x000000e33f200000,0x000000e33f300000)]
  0x000002a0c9b5b560 JavaThread "Unconstrained build operations Thread 10" [_thread_blocked, id=5052, stack(0x000000e33f300000,0x000000e33f400000)]
  0x000002a0c9b5a6f0 JavaThread "Unconstrained build operations Thread 11" [_thread_blocked, id=12400, stack(0x000000e33f400000,0x000000e33f500000)]
  0x000002a0c9b5bf00 JavaThread "Unconstrained build operations Thread 12" [_thread_blocked, id=4656, stack(0x000000e33f500000,0x000000e33f600000)]
  0x000002a0c9b58ee0 JavaThread "Unconstrained build operations Thread 13" [_thread_blocked, id=17216, stack(0x000000e33f600000,0x000000e33f700000)]
  0x000002a0c9b5e0b0 JavaThread "Unconstrained build operations Thread 14" [_thread_blocked, id=12876, stack(0x000000e33f700000,0x000000e33f800000)]
  0x000002a0c9b5d240 JavaThread "Unconstrained build operations Thread 15" [_thread_blocked, id=3956, stack(0x000000e33f800000,0x000000e33f900000)]
  0x000002a0c9b5c8a0 JavaThread "Unconstrained build operations Thread 16" [_thread_blocked, id=7600, stack(0x000000e33f900000,0x000000e33fa00000)]
  0x000002a0c9b5fd90 JavaThread "Unconstrained build operations Thread 17" [_thread_blocked, id=9224, stack(0x000000e33fa00000,0x000000e33fb00000)]
  0x000002a0c9b5cd70 JavaThread "Unconstrained build operations Thread 18" [_thread_blocked, id=5972, stack(0x000000e33fb00000,0x000000e33fc00000)]
  0x000002a0c9b593b0 JavaThread "Unconstrained build operations Thread 19" [_thread_blocked, id=9188, stack(0x000000e33fc00000,0x000000e33fd00000)]
  0x000002a0c9b5e580 JavaThread "Unconstrained build operations Thread 20" [_thread_blocked, id=6596, stack(0x000000e33fd00000,0x000000e33fe00000)]
  0x000002a0c9b5d710 JavaThread "Unconstrained build operations Thread 21" [_thread_blocked, id=11008, stack(0x000000e33fe00000,0x000000e33ff00000)]
  0x000002a0c9b5abc0 JavaThread "Unconstrained build operations Thread 22" [_thread_blocked, id=3052, stack(0x000000e33ff00000,0x000000e340000000)]
  0x000002a0c9b5ef20 JavaThread "Unconstrained build operations Thread 23" [_thread_blocked, id=17932, stack(0x000000e340000000,0x000000e340100000)]
  0x000002a0c9b5f3f0 JavaThread "Unconstrained build operations Thread 24" [_thread_blocked, id=7064, stack(0x000000e340100000,0x000000e340200000)]
  0x000002a0c9b5f8c0 JavaThread "Unconstrained build operations Thread 25" [_thread_blocked, id=1536, stack(0x000000e340200000,0x000000e340300000)]
  0x000002a0c9b60260 JavaThread "Unconstrained build operations Thread 26" [_thread_blocked, id=7220, stack(0x000000e340300000,0x000000e340400000)]
  0x000002a0c9b60730 JavaThread "Unconstrained build operations Thread 27" [_thread_blocked, id=17524, stack(0x000000e340400000,0x000000e340500000)]
  0x000002a0c9c7cc90 JavaThread "Unconstrained build operations Thread 28" [_thread_blocked, id=11380, stack(0x000000e340500000,0x000000e340600000)]
  0x000002a0c9c83b40 JavaThread "Unconstrained build operations Thread 29" [_thread_blocked, id=7348, stack(0x000000e340600000,0x000000e340700000)]
  0x000002a0c9c7ee40 JavaThread "Unconstrained build operations Thread 30" [_thread_blocked, id=2452, stack(0x000000e340700000,0x000000e340800000)]
  0x000002a0c9c7d630 JavaThread "Unconstrained build operations Thread 31" [_thread_blocked, id=3340, stack(0x000000e340800000,0x000000e340900000)]
  0x000002a0c9c7db00 JavaThread "Unconstrained build operations Thread 32" [_thread_blocked, id=17920, stack(0x000000e340900000,0x000000e340a00000)]
  0x000002a0c9c81e60 JavaThread "Unconstrained build operations Thread 33" [_thread_blocked, id=17440, stack(0x000000e340a00000,0x000000e340b00000)]
  0x000002a0c9c814c0 JavaThread "Unconstrained build operations Thread 34" [_thread_blocked, id=18112, stack(0x000000e340b00000,0x000000e340c00000)]
  0x000002a0c9c81990 JavaThread "Unconstrained build operations Thread 35" [_thread_blocked, id=5232, stack(0x000000e340c00000,0x000000e340d00000)]
  0x000002a0c9c80b20 JavaThread "Unconstrained build operations Thread 36" [_thread_blocked, id=17060, stack(0x000000e340d00000,0x000000e340e00000)]
  0x000002a0c9c7c7c0 JavaThread "Unconstrained build operations Thread 37" [_thread_blocked, id=10704, stack(0x000000e340e00000,0x000000e340f00000)]
  0x000002a0c9c82cd0 JavaThread "Unconstrained build operations Thread 38" [_thread_blocked, id=2304, stack(0x000000e340f00000,0x000000e341000000)]
  0x000002a0c9c7f310 JavaThread "Unconstrained build operations Thread 39" [_thread_blocked, id=16184, stack(0x000000e341000000,0x000000e341100000)]
  0x000002a0c9c7dfd0 JavaThread "Unconstrained build operations Thread 40" [_thread_blocked, id=17548, stack(0x000000e341100000,0x000000e341200000)]
  0x000002a0c9c831a0 JavaThread "Unconstrained build operations Thread 41" [_thread_blocked, id=12536, stack(0x000000e341200000,0x000000e341300000)]
  0x000002a0c9c7e4a0 JavaThread "Unconstrained build operations Thread 42" [_thread_blocked, id=15888, stack(0x000000e341300000,0x000000e341400000)]
  0x000002a0c9c83670 JavaThread "Unconstrained build operations Thread 43" [_thread_blocked, id=7024, stack(0x000000e341400000,0x000000e341500000)]
  0x000002a0c9c7c2f0 JavaThread "Unconstrained build operations Thread 44" [_thread_blocked, id=10712, stack(0x000000e341500000,0x000000e341600000)]
  0x000002a0c9c80180 JavaThread "Unconstrained build operations Thread 45" [_thread_blocked, id=13468, stack(0x000000e341600000,0x000000e341700000)]
  0x000002a0c9c80ff0 JavaThread "Unconstrained build operations Thread 46" [_thread_blocked, id=6740, stack(0x000000e341700000,0x000000e341800000)]
  0x000002a0c9c7f7e0 JavaThread "Unconstrained build operations Thread 47" [_thread_blocked, id=17964, stack(0x000000e341800000,0x000000e341900000)]
  0x000002a0c9c7fcb0 JavaThread "Unconstrained build operations Thread 48" [_thread_blocked, id=3592, stack(0x000000e341900000,0x000000e341a00000)]
  0x000002a0c9c7d160 JavaThread "Unconstrained build operations Thread 49" [_thread_blocked, id=6528, stack(0x000000e341a00000,0x000000e341b00000)]
  0x000002a0c9c82330 JavaThread "Unconstrained build operations Thread 50" [_thread_blocked, id=17836, stack(0x000000e341b00000,0x000000e341c00000)]
  0x000002a0c9c7e970 JavaThread "Unconstrained build operations Thread 51" [_thread_blocked, id=3620, stack(0x000000e341c00000,0x000000e341d00000)]
  0x000002a0c9c80650 JavaThread "Unconstrained build operations Thread 52" [_thread_blocked, id=16944, stack(0x000000e341d00000,0x000000e341e00000)]
  0x000002a0c9c82800 JavaThread "Unconstrained build operations Thread 53" [_thread_blocked, id=15276, stack(0x000000e341e00000,0x000000e341f00000)]
  0x000002a0c9b8ab60 JavaThread "Unconstrained build operations Thread 54" [_thread_blocked, id=2816, stack(0x000000e341f00000,0x000000e342000000)]
  0x000002a0c9b8c370 JavaThread "Unconstrained build operations Thread 55" [_thread_blocked, id=16580, stack(0x000000e342000000,0x000000e342100000)]
  0x000002a0c9b8a1c0 JavaThread "Unconstrained build operations Thread 56" [_thread_blocked, id=13728, stack(0x000000e342100000,0x000000e342200000)]
  0x000002a0c9b8c840 JavaThread "Unconstrained build operations Thread 57" [_thread_blocked, id=18212, stack(0x000000e342200000,0x000000e342300000)]
  0x000002a0c9b8d6b0 JavaThread "Unconstrained build operations Thread 58" [_thread_blocked, id=18180, stack(0x000000e342300000,0x000000e342400000)]
  0x000002a0c9b90200 JavaThread "Unconstrained build operations Thread 59" [_thread_blocked, id=2764, stack(0x000000e342400000,0x000000e342500000)]
  0x000002a0c9b8fd30 JavaThread "Unconstrained build operations Thread 60" [_thread_blocked, id=2740, stack(0x000000e342500000,0x000000e342600000)]
  0x000002a0c9b8b030 JavaThread "Unconstrained build operations Thread 61" [_thread_blocked, id=12368, stack(0x000000e342600000,0x000000e342700000)]
  0x000002a0c9b89cf0 JavaThread "Unconstrained build operations Thread 62" [_thread_blocked, id=13600, stack(0x000000e342700000,0x000000e342800000)]
  0x000002a0c9b906d0 JavaThread "Unconstrained build operations Thread 63" [_thread_blocked, id=5016, stack(0x000000e342800000,0x000000e342900000)]
  0x000002a0c9b8cd10 JavaThread "Unconstrained build operations Thread 64" [_thread_blocked, id=12916, stack(0x000000e342900000,0x000000e342a00000)]
  0x000002a0c9b8db80 JavaThread "Unconstrained build operations Thread 65" [_thread_blocked, id=9704, stack(0x000000e342a00000,0x000000e342b00000)]
  0x000002a0c9b88e80 JavaThread "Unconstrained build operations Thread 66" [_thread_blocked, id=17924, stack(0x000000e342b00000,0x000000e342c00000)]
  0x000002a0c9b89820 JavaThread "Unconstrained build operations Thread 67" [_thread_blocked, id=9960, stack(0x000000e342c00000,0x000000e342d00000)]
  0x000002a0c9b89350 JavaThread "Unconstrained build operations Thread 68" [_thread_blocked, id=17936, stack(0x000000e342d00000,0x000000e342e00000)]
  0x000002a0c9b8f390 JavaThread "Unconstrained build operations Thread 69" [_thread_blocked, id=14764, stack(0x000000e342e00000,0x000000e342f00000)]
  0x000002a0c9b8eec0 JavaThread "Unconstrained build operations Thread 70" [_thread_blocked, id=17916, stack(0x000000e342f00000,0x000000e343000000)]
  0x000002a0c9b8b500 JavaThread "Unconstrained build operations Thread 71" [_thread_blocked, id=8468, stack(0x000000e343000000,0x000000e343100000)]
  0x000002a0c9b8a690 JavaThread "Unconstrained build operations Thread 72" [_thread_blocked, id=17636, stack(0x000000e343100000,0x000000e343200000)]
  0x000002a0c9b8b9d0 JavaThread "Unconstrained build operations Thread 73" [_thread_blocked, id=1268, stack(0x000000e343200000,0x000000e343300000)]
  0x000002a0c9b8bea0 JavaThread "Unconstrained build operations Thread 74" [_thread_blocked, id=14668, stack(0x000000e343300000,0x000000e343400000)]
  0x000002a0c9b8d1e0 JavaThread "Unconstrained build operations Thread 75" [_thread_blocked, id=16556, stack(0x000000e343400000,0x000000e343500000)]
  0x000002a0c9b8e050 JavaThread "Unconstrained build operations Thread 76" [_thread_blocked, id=5988, stack(0x000000e343500000,0x000000e343600000)]
  0x000002a0c9b8e520 JavaThread "Unconstrained build operations Thread 77" [_thread_blocked, id=12800, stack(0x000000e343600000,0x000000e343700000)]
  0x000002a0c9b8e9f0 JavaThread "Unconstrained build operations Thread 78" [_thread_blocked, id=11852, stack(0x000000e343700000,0x000000e343800000)]
  0x000002a0c9b8f860 JavaThread "Unconstrained build operations Thread 79" [_thread_blocked, id=5936, stack(0x000000e343800000,0x000000e343900000)]
  0x000002a0c7ae45b0 JavaThread "Unconstrained build operations Thread 80" [_thread_blocked, id=14944, stack(0x000000e343900000,0x000000e343a00000)]
  0x000002a0c7ae92b0 JavaThread "jar transforms Thread 6" [_thread_blocked, id=15392, stack(0x000000e343a00000,0x000000e343b00000)]
  0x000002a0c7ae6760 JavaThread "jar transforms Thread 7" [_thread_blocked, id=18404, stack(0x000000e343b00000,0x000000e343c00000)]
  0x000002a0c7ae9780 JavaThread "jar transforms Thread 8" [_thread_blocked, id=2512, stack(0x000000e343c00000,0x000000e343d00000)]
  0x000002a0c7ae75d0 JavaThread "Cache worker for kotlin-dsl (C:\Users\User\.gradle\caches\7.5\kotlin-dsl)" [_thread_blocked, id=14904, stack(0x000000e343d00000,0x000000e343e00000)]
  0x000002a0c7ae3270 JavaThread "Cache worker for Build Output Cleanup Cache (C:\src\flutter\packages\flutter_tools\gradle\.gradle\buildOutputCleanup)" [_thread_blocked, id=4472, stack(0x000000e343e00000,0x000000e343f00000)]
  0x000002a0c7ae9c50 JavaThread "Memory manager" [_thread_blocked, id=1624, stack(0x000000e343f00000,0x000000e344000000)]
  0x000002a0c7ae8de0 JavaThread "included builds" [_thread_blocked, id=16532, stack(0x000000e344000000,0x000000e344100000)]
  0x000002a0c7ae6290 JavaThread "Execution worker" [_thread_blocked, id=17696, stack(0x000000e344100000,0x000000e344200000)]
  0x000002a0c7ae3740 JavaThread "Execution worker Thread 2" [_thread_blocked, id=7704, stack(0x000000e344200000,0x000000e344300000)]
  0x000002a0c7ae40e0 JavaThread "Execution worker Thread 3" [_thread_blocked, id=18332, stack(0x000000e344300000,0x000000e344400000)]
  0x000002a0c7ae58f0 JavaThread "Execution worker Thread 4" [_thread_blocked, id=16232, stack(0x000000e344400000,0x000000e344500000)]
  0x000002a0c7ae7aa0 JavaThread "Execution worker Thread 5" [_thread_blocked, id=1304, stack(0x000000e344500000,0x000000e344600000)]
  0x000002a0c7ae6c30 JavaThread "Execution worker Thread 6" [_thread_blocked, id=2412, stack(0x000000e344600000,0x000000e344700000)]
  0x000002a0c7ae3c10 JavaThread "Execution worker Thread 7" [_thread_blocked, id=17520, stack(0x000000e344700000,0x000000e344800000)]
  0x000002a0c7ae7100 JavaThread "Cache worker for execution history cache (C:\src\flutter\packages\flutter_tools\gradle\.gradle\7.5\executionHistory)" [_thread_blocked, id=16684, stack(0x000000e344800000,0x000000e344900000)]
  0x000002a0cdf18080 JavaThread "pool-3-thread-1" [_thread_blocked, id=15688, stack(0x000000e344900000,0x000000e344a00000)]
  0x000002a0cdf15ed0 JavaThread "build event listener" [_thread_blocked, id=14600, stack(0x000000e344a00000,0x000000e344b00000)]
  0x000002a0cdf11b70 JavaThread "Cache worker for execution history cache (E:\ss\flutter\zflutter project\weather_application\android\.gradle\7.5\executionHistory)" [_thread_blocked, id=16456, stack(0x000000e344b00000,0x000000e344c00000)]
  0x000002a0cdf12040 JavaThread "Exec process" [_thread_in_native, id=15284, stack(0x000000e344c00000,0x000000e344d00000)]
  0x000002a0cdf12510 JavaThread "Exec process Thread 2" [_thread_in_native, id=17884, stack(0x000000e344d00000,0x000000e344e00000)]
  0x000002a0cdf163a0 JavaThread "Exec process Thread 3" [_thread_in_native, id=7868, stack(0x000000e344e00000,0x000000e344f00000)]

Other Threads:
  0x000002a0c5f4fef0 VMThread "VM Thread" [stack: 0x000000e33b900000,0x000000e33ba00000] [id=10364]
  0x000002a0acc535a0 WatcherThread [stack: 0x000000e33c500000,0x000000e33c600000] [id=18364]
  0x000002a0acc3b700 GCTaskThread "GC Thread#0" [stack: 0x000000e33b400000,0x000000e33b500000] [id=12408]
  0x000002a0c735fd00 GCTaskThread "GC Thread#1" [stack: 0x000000e33c600000,0x000000e33c700000] [id=2608]
  0x000002a0c735ffb0 GCTaskThread "GC Thread#2" [stack: 0x000000e33c700000,0x000000e33c800000] [id=1992]
  0x000002a0c7968ff0 GCTaskThread "GC Thread#3" [stack: 0x000000e33c800000,0x000000e33c900000] [id=8908]
  0x000002a0c7ff9c50 GCTaskThread "GC Thread#4" [stack: 0x000000e33c900000,0x000000e33ca00000] [id=11660]
  0x000002a0c9204ff0 GCTaskThread "GC Thread#5" [stack: 0x000000e33d600000,0x000000e33d700000] [id=3088]
  0x000002a0c92052a0 GCTaskThread "GC Thread#6" [stack: 0x000000e33d700000,0x000000e33d800000] [id=7108]
  0x000002a0c904d8e0 GCTaskThread "GC Thread#7" [stack: 0x000000e33d800000,0x000000e33d900000] [id=3804]
  0x000002a0acc483f0 ConcurrentGCThread "G1 Main Marker" [stack: 0x000000e33b500000,0x000000e33b600000] [id=1480]
  0x000002a0acc497c0 ConcurrentGCThread "G1 Conc#0" [stack: 0x000000e33b600000,0x000000e33b700000] [id=15412]
  0x000002a0c9102850 ConcurrentGCThread "G1 Conc#1" [stack: 0x000000e33d900000,0x000000e33da00000] [id=13516]
  0x000002a0c5dc2220 ConcurrentGCThread "G1 Refine#0" [stack: 0x000000e33b700000,0x000000e33b800000] [id=13288]
  0x000002a0c5dc28f0 ConcurrentGCThread "G1 Service" [stack: 0x000000e33b800000,0x000000e33b900000] [id=13832]

Threads with active compile tasks:
C2 CompilerThread0    21268 10215       4       org.gradle.internal.logging.text.AbstractLineChoppingStyledTextOutput$1::execute (9 bytes)

VM state: not at safepoint (normal execution)

VM Mutex/Monitor currently owned by a thread: None

Heap address: 0x00000000a0000000, size: 1536 MB, Compressed Oops mode: 32-bit

CDS archive(s) not mapped
Compressed class space mapped at: 0x0000000100000000-0x0000000140000000, reserved size: 1073741824
Narrow klass base: 0x0000000000000000, Narrow klass shift: 3, Narrow klass range: 0x140000000

GC Precious Log:
 CPUs: 8 total, 8 available
 Memory: 8068M
 Large Page Support: Disabled
 NUMA Support: Disabled
 Compressed Oops: Enabled (32-bit)
 Heap Region Size: 1M
 Heap Min Capacity: 8M
 Heap Initial Capacity: 128M
 Heap Max Capacity: 1536M
 Pre-touch: Disabled
 Parallel Workers: 8
 Concurrent Workers: 2
 Concurrent Refinement Workers: 8
 Periodic GC: Disabled

Heap:
 garbage-first heap   total 165888K, used 94337K [0x00000000a0000000, 0x0000000100000000)
  region size 1024K, 7 young (7168K), 6 survivors (6144K)
 Metaspace       used 99140K, committed 99904K, reserved 1138688K
  class space    used 13601K, committed 13952K, reserved 1048576K

Heap Regions: E=young(eden), S=young(survivor), O=old, HS=humongous(starts), HC=humongous(continues), CS=collection set, F=free, OA=open archive, CA=closed archive, TAMS=top-at-mark-start (previous, next)
|   0|0x00000000a0000000, 0x00000000a0100000, 0x00000000a0100000|100%| O|  |TAMS 0x00000000a0100000, 0x00000000a0000000| Untracked 
|   1|0x00000000a0100000, 0x00000000a0200000, 0x00000000a0200000|100%| O|  |TAMS 0x00000000a0200000, 0x00000000a0100000| Untracked 
|   2|0x00000000a0200000, 0x00000000a0300000, 0x00000000a0300000|100%| O|  |TAMS 0x00000000a0300000, 0x00000000a0200000| Untracked 
|   3|0x00000000a0300000, 0x00000000a0400000, 0x00000000a0400000|100%|HS|  |TAMS 0x00000000a0400000, 0x00000000a0300000| Complete 
|   4|0x00000000a0400000, 0x00000000a0500000, 0x00000000a0500000|100%|HC|  |TAMS 0x00000000a0500000, 0x00000000a0400000| Complete 
|   5|0x00000000a0500000, 0x00000000a0600000, 0x00000000a0600000|100%|HC|  |TAMS 0x00000000a0600000, 0x00000000a0500000| Complete 
|   6|0x00000000a0600000, 0x00000000a0700000, 0x00000000a0700000|100%| O|  |TAMS 0x00000000a0700000, 0x00000000a0600000| Untracked 
|   7|0x00000000a0700000, 0x00000000a0800000, 0x00000000a0800000|100%| O|  |TAMS 0x00000000a0800000, 0x00000000a0700000| Untracked 
|   8|0x00000000a0800000, 0x00000000a0900000, 0x00000000a0900000|100%| O|  |TAMS 0x00000000a0900000, 0x00000000a0800000| Untracked 
|   9|0x00000000a0900000, 0x00000000a0a00000, 0x00000000a0a00000|100%| O|  |TAMS 0x00000000a0a00000, 0x00000000a0900000| Untracked 
|  10|0x00000000a0a00000, 0x00000000a0b00000, 0x00000000a0b00000|100%| O|  |TAMS 0x00000000a0b00000, 0x00000000a0a00000| Untracked 
|  11|0x00000000a0b00000, 0x00000000a0c00000, 0x00000000a0c00000|100%| O|  |TAMS 0x00000000a0c00000, 0x00000000a0b00000| Untracked 
|  12|0x00000000a0c00000, 0x00000000a0d00000, 0x00000000a0d00000|100%| O|  |TAMS 0x00000000a0d00000, 0x00000000a0c00000| Untracked 
|  13|0x00000000a0d00000, 0x00000000a0e00000, 0x00000000a0e00000|100%| O|  |TAMS 0x00000000a0e00000, 0x00000000a0d00000| Untracked 
|  14|0x00000000a0e00000, 0x00000000a0f00000, 0x00000000a0f00000|100%| O|  |TAMS 0x00000000a0f00000, 0x00000000a0e00000| Untracked 
|  15|0x00000000a0f00000, 0x00000000a1000000, 0x00000000a1000000|100%| O|  |TAMS 0x00000000a1000000, 0x00000000a0f00000| Untracked 
|  16|0x00000000a1000000, 0x00000000a1100000, 0x00000000a1100000|100%| O|  |TAMS 0x00000000a1100000, 0x00000000a1000000| Untracked 
|  17|0x00000000a1100000, 0x00000000a1200000, 0x00000000a1200000|100%| O|  |TAMS 0x00000000a1200000, 0x00000000a1100000| Untracked 
|  18|0x00000000a1200000, 0x00000000a1300000, 0x00000000a1300000|100%| O|  |TAMS 0x00000000a1300000, 0x00000000a1200000| Untracked 
|  19|0x00000000a1300000, 0x00000000a1400000, 0x00000000a1400000|100%| O|  |TAMS 0x00000000a1400000, 0x00000000a1300000| Untracked 
|  20|0x00000000a1400000, 0x00000000a1500000, 0x00000000a1500000|100%| O|  |TAMS 0x00000000a1500000, 0x00000000a1400000| Untracked 
|  21|0x00000000a1500000, 0x00000000a1600000, 0x00000000a1600000|100%| O|  |TAMS 0x00000000a1600000, 0x00000000a1500000| Untracked 
|  22|0x00000000a1600000, 0x00000000a1700000, 0x00000000a1700000|100%| O|  |TAMS 0x00000000a1700000, 0x00000000a1600000| Untracked 
|  23|0x00000000a1700000, 0x00000000a1800000, 0x00000000a1800000|100%| O|  |TAMS 0x00000000a1800000, 0x00000000a1700000| Untracked 
|  24|0x00000000a1800000, 0x00000000a1900000, 0x00000000a1900000|100%| O|  |TAMS 0x00000000a1900000, 0x00000000a1800000| Untracked 
|  25|0x00000000a1900000, 0x00000000a1a00000, 0x00000000a1a00000|100%| O|  |TAMS 0x00000000a1a00000, 0x00000000a1900000| Untracked 
|  26|0x00000000a1a00000, 0x00000000a1b00000, 0x00000000a1b00000|100%| O|  |TAMS 0x00000000a1b00000, 0x00000000a1a00000| Untracked 
|  27|0x00000000a1b00000, 0x00000000a1c00000, 0x00000000a1c00000|100%| O|  |TAMS 0x00000000a1c00000, 0x00000000a1b00000| Untracked 
|  28|0x00000000a1c00000, 0x00000000a1d00000, 0x00000000a1d00000|100%| O|  |TAMS 0x00000000a1d00000, 0x00000000a1c00000| Untracked 
|  29|0x00000000a1d00000, 0x00000000a1e00000, 0x00000000a1e00000|100%| O|  |TAMS 0x00000000a1e00000, 0x00000000a1d00000| Untracked 
|  30|0x00000000a1e00000, 0x00000000a1f00000, 0x00000000a1f00000|100%| O|  |TAMS 0x00000000a1f00000, 0x00000000a1e00000| Untracked 
|  31|0x00000000a1f00000, 0x00000000a2000000, 0x00000000a2000000|100%|HS|  |TAMS 0x00000000a2000000, 0x00000000a1f00000| Complete 
|  32|0x00000000a2000000, 0x00000000a2100000, 0x00000000a2100000|100%|HS|  |TAMS 0x00000000a2100000, 0x00000000a2000000| Complete 
|  33|0x00000000a2100000, 0x00000000a2200000, 0x00000000a2200000|100%|HS|  |TAMS 0x00000000a2200000, 0x00000000a2100000| Complete 
|  34|0x00000000a2200000, 0x00000000a2300000, 0x00000000a2300000|100%|HS|  |TAMS 0x00000000a2300000, 0x00000000a2200000| Complete 
|  35|0x00000000a2300000, 0x00000000a2400000, 0x00000000a2400000|100%|HC|  |TAMS 0x00000000a2400000, 0x00000000a2300000| Complete 
|  36|0x00000000a2400000, 0x00000000a2500000, 0x00000000a2500000|100%|HC|  |TAMS 0x00000000a2500000, 0x00000000a2400000| Complete 
|  37|0x00000000a2500000, 0x00000000a2600000, 0x00000000a2600000|100%| O|  |TAMS 0x00000000a2600000, 0x00000000a2500000| Untracked 
|  38|0x00000000a2600000, 0x00000000a2700000, 0x00000000a2700000|100%| O|  |TAMS 0x00000000a2700000, 0x00000000a2600000| Untracked 
|  39|0x00000000a2700000, 0x00000000a2800000, 0x00000000a2800000|100%| O|  |TAMS 0x00000000a2800000, 0x00000000a2700000| Complete 
|  40|0x00000000a2800000, 0x00000000a2900000, 0x00000000a2900000|100%| O|  |TAMS 0x00000000a2900000, 0x00000000a2800000| Untracked 
|  41|0x00000000a2900000, 0x00000000a2a00000, 0x00000000a2a00000|100%| O|  |TAMS 0x00000000a2a00000, 0x00000000a2900000| Untracked 
|  42|0x00000000a2a00000, 0x00000000a2b00000, 0x00000000a2b00000|100%| O|  |TAMS 0x00000000a2b00000, 0x00000000a2a00000| Untracked 
|  43|0x00000000a2b00000, 0x00000000a2c00000, 0x00000000a2c00000|100%| O|  |TAMS 0x00000000a2c00000, 0x00000000a2b00000| Untracked 
|  44|0x00000000a2c00000, 0x00000000a2d00000, 0x00000000a2d00000|100%| O|  |TAMS 0x00000000a2d00000, 0x00000000a2c00000| Untracked 
|  45|0x00000000a2d00000, 0x00000000a2e00000, 0x00000000a2e00000|100%| O|  |TAMS 0x00000000a2e00000, 0x00000000a2d00000| Untracked 
|  46|0x00000000a2e00000, 0x00000000a2f00000, 0x00000000a2f00000|100%| O|  |TAMS 0x00000000a2f00000, 0x00000000a2e00000| Untracked 
|  47|0x00000000a2f00000, 0x00000000a3000000, 0x00000000a3000000|100%|HS|  |TAMS 0x00000000a3000000, 0x00000000a2f00000| Complete 
|  48|0x00000000a3000000, 0x00000000a3100000, 0x00000000a3100000|100%|HC|  |TAMS 0x00000000a3100000, 0x00000000a3000000| Complete 
|  49|0x00000000a3100000, 0x00000000a3200000, 0x00000000a3200000|100%| O|  |TAMS 0x00000000a3200000, 0x00000000a3100000| Untracked 
|  50|0x00000000a3200000, 0x00000000a3300000, 0x00000000a3300000|100%| O|  |TAMS 0x00000000a3300000, 0x00000000a3200000| Untracked 
|  51|0x00000000a3300000, 0x00000000a3400000, 0x00000000a3400000|100%| O|  |TAMS 0x00000000a3400000, 0x00000000a3300000| Untracked 
|  52|0x00000000a3400000, 0x00000000a3500000, 0x00000000a3500000|100%| O|  |TAMS 0x00000000a3500000, 0x00000000a3400000| Untracked 
|  53|0x00000000a3500000, 0x00000000a3600000, 0x00000000a3600000|100%| O|  |TAMS 0x00000000a3600000, 0x00000000a3500000| Untracked 
|  54|0x00000000a3600000, 0x00000000a3700000, 0x00000000a3700000|100%| O|  |TAMS 0x00000000a3700000, 0x00000000a3600000| Untracked 
|  55|0x00000000a3700000, 0x00000000a3800000, 0x00000000a3800000|100%| O|  |TAMS 0x00000000a3800000, 0x00000000a3700000| Untracked 
|  56|0x00000000a3800000, 0x00000000a3900000, 0x00000000a3900000|100%| O|  |TAMS 0x00000000a3900000, 0x00000000a3800000| Untracked 
|  57|0x00000000a3900000, 0x00000000a3a00000, 0x00000000a3a00000|100%| O|  |TAMS 0x00000000a3a00000, 0x00000000a3900000| Untracked 
|  58|0x00000000a3a00000, 0x00000000a3b00000, 0x00000000a3b00000|100%| O|  |TAMS 0x00000000a3b00000, 0x00000000a3a00000| Untracked 
|  59|0x00000000a3b00000, 0x00000000a3c00000, 0x00000000a3c00000|100%| O|  |TAMS 0x00000000a3c00000, 0x00000000a3b00000| Untracked 
|  60|0x00000000a3c00000, 0x00000000a3d00000, 0x00000000a3d00000|100%| O|  |TAMS 0x00000000a3d00000, 0x00000000a3c00000| Untracked 
|  61|0x00000000a3d00000, 0x00000000a3e00000, 0x00000000a3e00000|100%| O|  |TAMS 0x00000000a3e00000, 0x00000000a3d00000| Untracked 
|  62|0x00000000a3e00000, 0x00000000a3f00000, 0x00000000a3f00000|100%| O|  |TAMS 0x00000000a3f00000, 0x00000000a3e00000| Untracked 
|  63|0x00000000a3f00000, 0x00000000a4000000, 0x00000000a4000000|100%| O|  |TAMS 0x00000000a4000000, 0x00000000a3f00000| Untracked 
|  64|0x00000000a4000000, 0x00000000a4100000, 0x00000000a4100000|100%| O|  |TAMS 0x00000000a4100000, 0x00000000a4000000| Untracked 
|  65|0x00000000a4100000, 0x00000000a4200000, 0x00000000a4200000|100%| O|  |TAMS 0x00000000a4200000, 0x00000000a4100000| Untracked 
|  66|0x00000000a4200000, 0x00000000a4300000, 0x00000000a4300000|100%| O|  |TAMS 0x00000000a4300000, 0x00000000a4200000| Untracked 
|  67|0x00000000a4300000, 0x00000000a4400000, 0x00000000a4400000|100%| O|  |TAMS 0x00000000a4400000, 0x00000000a4300000| Untracked 
|  68|0x00000000a4400000, 0x00000000a4500000, 0x00000000a4500000|100%| O|  |TAMS 0x00000000a4500000, 0x00000000a4400000| Untracked 
|  69|0x00000000a4500000, 0x00000000a4600000, 0x00000000a4600000|100%| O|  |TAMS 0x00000000a4600000, 0x00000000a4500000| Untracked 
|  70|0x00000000a4600000, 0x00000000a4700000, 0x00000000a4700000|100%| O|  |TAMS 0x00000000a4700000, 0x00000000a4600000| Untracked 
|  71|0x00000000a4700000, 0x00000000a4800000, 0x00000000a4800000|100%| O|  |TAMS 0x00000000a4800000, 0x00000000a4700000| Untracked 
|  72|0x00000000a4800000, 0x00000000a4900000, 0x00000000a4900000|100%| O|  |TAMS 0x00000000a4900000, 0x00000000a4800000| Untracked 
|  73|0x00000000a4900000, 0x00000000a4a00000, 0x00000000a4a00000|100%| O|  |TAMS 0x00000000a4a00000, 0x00000000a4900000| Untracked 
|  74|0x00000000a4a00000, 0x00000000a4b00000, 0x00000000a4b00000|100%| O|  |TAMS 0x00000000a4aa5600, 0x00000000a4a00000| Untracked 
|  75|0x00000000a4b00000, 0x00000000a4c00000, 0x00000000a4c00000|100%| O|  |TAMS 0x00000000a4b00000, 0x00000000a4b00000| Untracked 
|  76|0x00000000a4c00000, 0x00000000a4d00000, 0x00000000a4d00000|100%| O|  |TAMS 0x00000000a4c00000, 0x00000000a4c00000| Untracked 
|  77|0x00000000a4d00000, 0x00000000a4e00000, 0x00000000a4e00000|100%| O|  |TAMS 0x00000000a4d00000, 0x00000000a4d00000| Untracked 
|  78|0x00000000a4e00000, 0x00000000a4f00000, 0x00000000a4f00000|100%| O|  |TAMS 0x00000000a4e00000, 0x00000000a4e00000| Untracked 
|  79|0x00000000a4f00000, 0x00000000a5000000, 0x00000000a5000000|100%| O|  |TAMS 0x00000000a4f00000, 0x00000000a4f00000| Untracked 
|  80|0x00000000a5000000, 0x00000000a5100000, 0x00000000a5100000|100%| O|  |TAMS 0x00000000a5000000, 0x00000000a5000000| Untracked 
|  81|0x00000000a5100000, 0x00000000a5200000, 0x00000000a5200000|100%| O|  |TAMS 0x00000000a5100000, 0x00000000a5100000| Untracked 
|  82|0x00000000a5200000, 0x00000000a5300000, 0x00000000a5300000|100%| O|  |TAMS 0x00000000a5200000, 0x00000000a5200000| Untracked 
|  83|0x00000000a5300000, 0x00000000a5400000, 0x00000000a5400000|100%| O|  |TAMS 0x00000000a5300000, 0x00000000a5300000| Untracked 
|  84|0x00000000a5400000, 0x00000000a5500000, 0x00000000a5500000|100%| O|  |TAMS 0x00000000a5400000, 0x00000000a5400000| Untracked 
|  85|0x00000000a5500000, 0x00000000a5600000, 0x00000000a5600000|100%| O|  |TAMS 0x00000000a5500000, 0x00000000a5500000| Untracked 
|  86|0x00000000a5600000, 0x00000000a5700000, 0x00000000a5700000|100%| O|  |TAMS 0x00000000a5600000, 0x00000000a5600000| Untracked 
|  87|0x00000000a5700000, 0x00000000a5700000, 0x00000000a5800000|  0%| F|  |TAMS 0x00000000a5700000, 0x00000000a5700000| Untracked 
|  88|0x00000000a5800000, 0x00000000a5800000, 0x00000000a5900000|  0%| F|  |TAMS 0x00000000a5800000, 0x00000000a5800000| Untracked 
|  89|0x00000000a5900000, 0x00000000a5900000, 0x00000000a5a00000|  0%| F|  |TAMS 0x00000000a5900000, 0x00000000a5900000| Untracked 
|  90|0x00000000a5a00000, 0x00000000a5a00000, 0x00000000a5b00000|  0%| F|  |TAMS 0x00000000a5a00000, 0x00000000a5a00000| Untracked 
|  91|0x00000000a5b00000, 0x00000000a5b00000, 0x00000000a5c00000|  0%| F|  |TAMS 0x00000000a5b00000, 0x00000000a5b00000| Untracked 
|  92|0x00000000a5c00000, 0x00000000a5c00000, 0x00000000a5d00000|  0%| F|  |TAMS 0x00000000a5c00000, 0x00000000a5c00000| Untracked 
|  93|0x00000000a5d00000, 0x00000000a5d00000, 0x00000000a5e00000|  0%| F|  |TAMS 0x00000000a5d00000, 0x00000000a5d00000| Untracked 
|  94|0x00000000a5e00000, 0x00000000a5e00000, 0x00000000a5f00000|  0%| F|  |TAMS 0x00000000a5e00000, 0x00000000a5e00000| Untracked 
|  95|0x00000000a5f00000, 0x00000000a5f00000, 0x00000000a6000000|  0%| F|  |TAMS 0x00000000a5f00000, 0x00000000a5f00000| Untracked 
|  96|0x00000000a6000000, 0x00000000a6000000, 0x00000000a6100000|  0%| F|  |TAMS 0x00000000a6000000, 0x00000000a6000000| Untracked 
|  97|0x00000000a6100000, 0x00000000a6100000, 0x00000000a6200000|  0%| F|  |TAMS 0x00000000a6100000, 0x00000000a6100000| Untracked 
|  98|0x00000000a6200000, 0x00000000a6200000, 0x00000000a6300000|  0%| F|  |TAMS 0x00000000a6200000, 0x00000000a6200000| Untracked 
|  99|0x00000000a6300000, 0x00000000a6300000, 0x00000000a6400000|  0%| F|  |TAMS 0x00000000a6300000, 0x00000000a6300000| Untracked 
| 100|0x00000000a6400000, 0x00000000a6400000, 0x00000000a6500000|  0%| F|  |TAMS 0x00000000a6400000, 0x00000000a6400000| Untracked 
| 101|0x00000000a6500000, 0x00000000a6500000, 0x00000000a6600000|  0%| F|  |TAMS 0x00000000a6500000, 0x00000000a6500000| Untracked 
| 102|0x00000000a6600000, 0x00000000a6600000, 0x00000000a6700000|  0%| F|  |TAMS 0x00000000a6600000, 0x00000000a6600000| Untracked 
| 103|0x00000000a6700000, 0x00000000a6700000, 0x00000000a6800000|  0%| F|  |TAMS 0x00000000a6700000, 0x00000000a6700000| Untracked 
| 104|0x00000000a6800000, 0x00000000a6800000, 0x00000000a6900000|  0%| F|  |TAMS 0x00000000a6800000, 0x00000000a6800000| Untracked 
| 105|0x00000000a6900000, 0x00000000a6900000, 0x00000000a6a00000|  0%| F|  |TAMS 0x00000000a6900000, 0x00000000a6900000| Untracked 
| 106|0x00000000a6a00000, 0x00000000a6a00000, 0x00000000a6b00000|  0%| F|  |TAMS 0x00000000a6a00000, 0x00000000a6a00000| Untracked 
| 107|0x00000000a6b00000, 0x00000000a6b00000, 0x00000000a6c00000|  0%| F|  |TAMS 0x00000000a6b00000, 0x00000000a6b00000| Untracked 
| 108|0x00000000a6c00000, 0x00000000a6c00000, 0x00000000a6d00000|  0%| F|  |TAMS 0x00000000a6c00000, 0x00000000a6c00000| Untracked 
| 109|0x00000000a6d00000, 0x00000000a6d00000, 0x00000000a6e00000|  0%| F|  |TAMS 0x00000000a6d00000, 0x00000000a6d00000| Untracked 
| 110|0x00000000a6e00000, 0x00000000a6e00000, 0x00000000a6f00000|  0%| F|  |TAMS 0x00000000a6e00000, 0x00000000a6e00000| Untracked 
| 111|0x00000000a6f00000, 0x00000000a6f00000, 0x00000000a7000000|  0%| F|  |TAMS 0x00000000a6f00000, 0x00000000a6f00000| Untracked 
| 112|0x00000000a7000000, 0x00000000a7000000, 0x00000000a7100000|  0%| F|  |TAMS 0x00000000a7000000, 0x00000000a7000000| Untracked 
| 113|0x00000000a7100000, 0x00000000a71206c8, 0x00000000a7200000| 12%| S|CS|TAMS 0x00000000a7100000, 0x00000000a7100000| Complete 
| 114|0x00000000a7200000, 0x00000000a7300000, 0x00000000a7300000|100%| S|CS|TAMS 0x00000000a7200000, 0x00000000a7200000| Complete 
| 115|0x00000000a7300000, 0x00000000a7400000, 0x00000000a7400000|100%| S|CS|TAMS 0x00000000a7300000, 0x00000000a7300000| Complete 
| 116|0x00000000a7400000, 0x00000000a7500000, 0x00000000a7500000|100%| S|CS|TAMS 0x00000000a7400000, 0x00000000a7400000| Complete 
| 117|0x00000000a7500000, 0x00000000a7600000, 0x00000000a7600000|100%| S|CS|TAMS 0x00000000a7500000, 0x00000000a7500000| Complete 
| 118|0x00000000a7600000, 0x00000000a7700000, 0x00000000a7700000|100%| S|CS|TAMS 0x00000000a7600000, 0x00000000a7600000| Complete 
| 119|0x00000000a7700000, 0x00000000a7700000, 0x00000000a7800000|  0%| F|  |TAMS 0x00000000a7700000, 0x00000000a7700000| Untracked 
| 120|0x00000000a7800000, 0x00000000a7800000, 0x00000000a7900000|  0%| F|  |TAMS 0x00000000a7800000, 0x00000000a7800000| Untracked 
| 121|0x00000000a7900000, 0x00000000a7900000, 0x00000000a7a00000|  0%| F|  |TAMS 0x00000000a7900000, 0x00000000a7900000| Untracked 
| 122|0x00000000a7a00000, 0x00000000a7a00000, 0x00000000a7b00000|  0%| F|  |TAMS 0x00000000a7a00000, 0x00000000a7a00000| Untracked 
| 123|0x00000000a7b00000, 0x00000000a7b00000, 0x00000000a7c00000|  0%| F|  |TAMS 0x00000000a7b00000, 0x00000000a7b00000| Untracked 
| 124|0x00000000a7c00000, 0x00000000a7c00000, 0x00000000a7d00000|  0%| F|  |TAMS 0x00000000a7c00000, 0x00000000a7c00000| Untracked 
| 125|0x00000000a7d00000, 0x00000000a7d00000, 0x00000000a7e00000|  0%| F|  |TAMS 0x00000000a7d00000, 0x00000000a7d00000| Untracked 
| 126|0x00000000a7e00000, 0x00000000a7e00000, 0x00000000a7f00000|  0%| F|  |TAMS 0x00000000a7e00000, 0x00000000a7e00000| Untracked 
| 127|0x00000000a7f00000, 0x00000000a7f00000, 0x00000000a8000000|  0%| F|  |TAMS 0x00000000a7f00000, 0x00000000a7f00000| Untracked 
| 128|0x00000000a8000000, 0x00000000a8000000, 0x00000000a8100000|  0%| F|  |TAMS 0x00000000a8000000, 0x00000000a8000000| Untracked 
| 129|0x00000000a8100000, 0x00000000a8100000, 0x00000000a8200000|  0%| F|  |TAMS 0x00000000a8100000, 0x00000000a8100000| Untracked 
| 130|0x00000000a8200000, 0x00000000a8200000, 0x00000000a8300000|  0%| F|  |TAMS 0x00000000a8200000, 0x00000000a8200000| Untracked 
| 131|0x00000000a8300000, 0x00000000a8300000, 0x00000000a8400000|  0%| F|  |TAMS 0x00000000a8300000, 0x00000000a8300000| Untracked 
| 132|0x00000000a8400000, 0x00000000a8400000, 0x00000000a8500000|  0%| F|  |TAMS 0x00000000a8400000, 0x00000000a8400000| Untracked 
| 133|0x00000000a8500000, 0x00000000a8500000, 0x00000000a8600000|  0%| F|  |TAMS 0x00000000a8500000, 0x00000000a8500000| Untracked 
| 134|0x00000000a8600000, 0x00000000a8600000, 0x00000000a8700000|  0%| F|  |TAMS 0x00000000a8600000, 0x00000000a8600000| Untracked 
| 135|0x00000000a8700000, 0x00000000a8700000, 0x00000000a8800000|  0%| F|  |TAMS 0x00000000a8700000, 0x00000000a8700000| Untracked 
| 136|0x00000000a8800000, 0x00000000a8800000, 0x00000000a8900000|  0%| F|  |TAMS 0x00000000a8800000, 0x00000000a8800000| Untracked 
| 137|0x00000000a8900000, 0x00000000a8900000, 0x00000000a8a00000|  0%| F|  |TAMS 0x00000000a8900000, 0x00000000a8900000| Untracked 
| 138|0x00000000a8a00000, 0x00000000a8a00000, 0x00000000a8b00000|  0%| F|  |TAMS 0x00000000a8a00000, 0x00000000a8a00000| Untracked 
| 139|0x00000000a8b00000, 0x00000000a8b00000, 0x00000000a8c00000|  0%| F|  |TAMS 0x00000000a8b00000, 0x00000000a8b00000| Untracked 
| 140|0x00000000a8c00000, 0x00000000a8c00000, 0x00000000a8d00000|  0%| F|  |TAMS 0x00000000a8c00000, 0x00000000a8c00000| Untracked 
| 141|0x00000000a8d00000, 0x00000000a8d00000, 0x00000000a8e00000|  0%| F|  |TAMS 0x00000000a8d00000, 0x00000000a8d00000| Untracked 
| 142|0x00000000a8e00000, 0x00000000a8e00000, 0x00000000a8f00000|  0%| F|  |TAMS 0x00000000a8e00000, 0x00000000a8e00000| Untracked 
| 143|0x00000000a8f00000, 0x00000000a8f00000, 0x00000000a9000000|  0%| F|  |TAMS 0x00000000a8f00000, 0x00000000a8f00000| Untracked 
| 144|0x00000000a9000000, 0x00000000a9000000, 0x00000000a9100000|  0%| F|  |TAMS 0x00000000a9000000, 0x00000000a9000000| Untracked 
| 145|0x00000000a9100000, 0x00000000a9100000, 0x00000000a9200000|  0%| F|  |TAMS 0x00000000a9100000, 0x00000000a9100000| Untracked 
| 146|0x00000000a9200000, 0x00000000a9200000, 0x00000000a9300000|  0%| F|  |TAMS 0x00000000a9200000, 0x00000000a9200000| Untracked 
| 147|0x00000000a9300000, 0x00000000a9300000, 0x00000000a9400000|  0%| F|  |TAMS 0x00000000a9300000, 0x00000000a9300000| Untracked 
| 148|0x00000000a9400000, 0x00000000a9400000, 0x00000000a9500000|  0%| F|  |TAMS 0x00000000a9400000, 0x00000000a9400000| Untracked 
| 149|0x00000000a9500000, 0x00000000a9500000, 0x00000000a9600000|  0%| F|  |TAMS 0x00000000a9500000, 0x00000000a9500000| Untracked 
| 150|0x00000000a9600000, 0x00000000a9600000, 0x00000000a9700000|  0%| F|  |TAMS 0x00000000a9600000, 0x00000000a9600000| Untracked 
| 151|0x00000000a9700000, 0x00000000a9700000, 0x00000000a9800000|  0%| F|  |TAMS 0x00000000a9700000, 0x00000000a9700000| Untracked 
| 152|0x00000000a9800000, 0x00000000a9800000, 0x00000000a9900000|  0%| F|  |TAMS 0x00000000a9800000, 0x00000000a9800000| Untracked 
| 153|0x00000000a9900000, 0x00000000a9900000, 0x00000000a9a00000|  0%| F|  |TAMS 0x00000000a9900000, 0x00000000a9900000| Untracked 
| 154|0x00000000a9a00000, 0x00000000a9a00000, 0x00000000a9b00000|  0%| F|  |TAMS 0x00000000a9a00000, 0x00000000a9a00000| Untracked 
| 155|0x00000000a9b00000, 0x00000000a9b00000, 0x00000000a9c00000|  0%| F|  |TAMS 0x00000000a9b00000, 0x00000000a9b00000| Untracked 
| 156|0x00000000a9c00000, 0x00000000a9c00000, 0x00000000a9d00000|  0%| F|  |TAMS 0x00000000a9c00000, 0x00000000a9c00000| Untracked 
| 157|0x00000000a9d00000, 0x00000000a9d00000, 0x00000000a9e00000|  0%| F|  |TAMS 0x00000000a9d00000, 0x00000000a9d00000| Untracked 
| 158|0x00000000a9e00000, 0x00000000a9e00000, 0x00000000a9f00000|  0%| F|  |TAMS 0x00000000a9e00000, 0x00000000a9e00000| Untracked 
| 159|0x00000000a9f00000, 0x00000000a9f00000, 0x00000000aa000000|  0%| F|  |TAMS 0x00000000a9f00000, 0x00000000a9f00000| Untracked 
| 160|0x00000000aa000000, 0x00000000aa000000, 0x00000000aa100000|  0%| F|  |TAMS 0x00000000aa000000, 0x00000000aa000000| Untracked 
| 161|0x00000000aa100000, 0x00000000aa1afbe0, 0x00000000aa200000| 68%| E|  |TAMS 0x00000000aa100000, 0x00000000aa100000| Complete 

Card table byte_map: [0x000002a0bfe60000,0x000002a0c0160000] _byte_map_base: 0x000002a0bf960000

Marking Bits (Prev, Next): (CMBitMap*) 0x000002a0acc3bac0, (CMBitMap*) 0x000002a0acc3bb00
 Prev Bits: [0x000002a0c0460000, 0x000002a0c1c60000)
 Next Bits: [0x000002a0c1c60000, 0x000002a0c3460000)

Polling page: 0x000002a0acca0000

Metaspace:

Usage:
  Non-class:     83.53 MB used.
      Class:     13.28 MB used.
       Both:     96.82 MB used.

Virtual space:
  Non-class space:       88.00 MB reserved,      83.94 MB ( 95%) committed,  11 nodes.
      Class space:        1.00 GB reserved,      13.62 MB (  1%) committed,  1 nodes.
             Both:        1.09 GB reserved,      97.56 MB (  9%) committed. 

Chunk freelists:
   Non-Class:  3.32 MB
       Class:  2.42 MB
        Both:  5.74 MB

MaxMetaspaceSize: unlimited
CompressedClassSpaceSize: 1.00 GB
Initial GC threshold: 21.00 MB
Current GC threshold: 158.88 MB
CDS: off
MetaspaceReclaimPolicy: balanced
 - commit_granule_bytes: 65536.
 - commit_granule_words: 8192.
 - virtual_space_node_default_size: 1048576.
 - enlarge_chunks_in_place: 1.
 - new_chunks_are_fully_committed: 0.
 - uncommit_free_chunks: 1.
 - use_allocation_guard: 0.
 - handle_deallocations: 1.


Internal statistics:

num_allocs_failed_limit: 8.
num_arena_births: 918.
num_arena_deaths: 0.
num_vsnodes_births: 12.
num_vsnodes_deaths: 0.
num_space_committed: 1561.
num_space_uncommitted: 0.
num_chunks_returned_to_freelist: 8.
num_chunks_taken_from_freelist: 4538.
num_chunk_merges: 3.
num_chunk_splits: 3046.
num_chunks_enlarged: 2095.
num_purges: 0.
num_inconsistent_stats: 0.

CodeHeap 'non-profiled nmethods': size=120000Kb used=3987Kb max_used=3987Kb free=116012Kb
 bounds [0x000002a0b7bc0000, 0x000002a0b7fb0000, 0x000002a0bf0f0000]
CodeHeap 'profiled nmethods': size=120000Kb used=16517Kb max_used=16517Kb free=103482Kb
 bounds [0x000002a0b00f0000, 0x000002a0b1120000, 0x000002a0b7620000]
CodeHeap 'non-nmethods': size=5760Kb used=2401Kb max_used=2478Kb free=3358Kb
 bounds [0x000002a0b7620000, 0x000002a0b78a0000, 0x000002a0b7bc0000]
 total_blobs=10155 nmethods=9214 adapters=853
 compilation: enabled
              stopped_count=0, restarted_count=0
 full_count=0

Compilation events (20 events):
Event: 18.618 Thread 0x000002a0c688dd40 nmethod 10210 0x000002a0b1107490 code [0x000002a0b1107660, 0x000002a0b1107af8]
Event: 18.618 Thread 0x000002a0c688dd40 10211       3       java.lang.invoke.DirectMethodHandle$Holder::invokeStatic (21 bytes)
Event: 18.619 Thread 0x000002a0c688dd40 nmethod 10211 0x000002a0b1107c10 code [0x000002a0b1107de0, 0x000002a0b11082b8]
Event: 18.619 Thread 0x000002a0c688dd40 10212       3       java.lang.StringConcatHelper::prepend (22 bytes)
Event: 18.619 Thread 0x000002a0c688dd40 nmethod 10212 0x000002a0b1108410 code [0x000002a0b11085c0, 0x000002a0b1108758]
Event: 20.476 Thread 0x000002a0c688dd40 10213       1       org.gradle.internal.logging.events.RenderableOutputEvent::getBuildOperationId (5 bytes)
Event: 20.476 Thread 0x000002a0c688dd40 nmethod 10213 0x000002a0b7fa4a10 code [0x000002a0b7fa4ba0, 0x000002a0b7fa4c78]
Event: 20.476 Thread 0x000002a0c688dd40 10214       3       org.gradle.internal.logging.text.AbstractStyledTextOutput::style (20 bytes)
Event: 20.477 Thread 0x000002a0c688dd40 nmethod 10214 0x000002a0b1108810 code [0x000002a0b11089c0, 0x000002a0b1108c28]
Event: 21.140 Thread 0x000002a0c6826900 10215       4       org.gradle.internal.logging.text.AbstractLineChoppingStyledTextOutput$1::execute (9 bytes)
Event: 21.140 Thread 0x000002a0c688dd40 10220       3       org.gradle.internal.io.LineBufferingOutputStream::write (59 bytes)
Event: 21.141 Thread 0x000002a0c688dd40 nmethod 10220 0x000002a0b1108d10 code [0x000002a0b1108fc0, 0x000002a0b1109db8]
Event: 21.141 Thread 0x000002a0c688dd40 10226   !   3       java.io.PrintStream::write (83 bytes)
Event: 21.142 Thread 0x000002a0c688dd40 nmethod 10226 0x000002a0b110a310 code [0x000002a0b110a5a0, 0x000002a0b110b2d8]
Event: 21.142 Thread 0x000002a0c688dd40 10224   !   3       java.nio.charset.CharsetEncoder::encode (273 bytes)
Event: 21.143 Thread 0x000002a0c688dd40 nmethod 10224 0x000002a0b110b990 code [0x000002a0b110bc80, 0x000002a0b110cf48]
Event: 21.143 Thread 0x000002a0c688dd40 10221       3       org.gradle.internal.io.StreamByteBuffer$StreamByteBufferOutputStream::write (22 bytes)
Event: 21.143 Thread 0x000002a0c688dd40 nmethod 10221 0x000002a0b110d510 code [0x000002a0b110d6c0, 0x000002a0b110d898]
Event: 21.143 Thread 0x000002a0c688dd40 10225       3       org.gradle.internal.io.StreamByteBuffer$StreamByteBufferChunk::write (32 bytes)
Event: 21.143 Thread 0x000002a0c688dd40 nmethod 10225 0x000002a0b110da10 code [0x000002a0b110dbc0, 0x000002a0b110dd78]

GC Heap History (20 events):
Event: 9.689 GC heap before
{Heap before GC invocations=34 (full 0):
 garbage-first heap   total 124928K, used 80542K [0x00000000a0000000, 0x0000000100000000)
  region size 1024K, 23 young (23552K), 5 survivors (5120K)
 Metaspace       used 77064K, committed 77632K, reserved 1122304K
  class space    used 10389K, committed 10624K, reserved 1048576K
}
Event: 9.692 GC heap after
{Heap after GC invocations=35 (full 0):
 garbage-first heap   total 124928K, used 64707K [0x00000000a0000000, 0x0000000100000000)
  region size 1024K, 2 young (2048K), 2 survivors (2048K)
 Metaspace       used 77064K, committed 77632K, reserved 1122304K
  class space    used 10389K, committed 10624K, reserved 1048576K
}
Event: 10.113 GC heap before
{Heap before GC invocations=36 (full 0):
 garbage-first heap   total 124928K, used 99523K [0x00000000a0000000, 0x0000000100000000)
  region size 1024K, 35 young (35840K), 2 survivors (2048K)
 Metaspace       used 80148K, committed 80768K, reserved 1122304K
  class space    used 10786K, committed 11072K, reserved 1048576K
}
Event: 10.117 GC heap after
{Heap after GC invocations=37 (full 0):
 garbage-first heap   total 124928K, used 65915K [0x00000000a0000000, 0x0000000100000000)
  region size 1024K, 3 young (3072K), 3 survivors (3072K)
 Metaspace       used 80148K, committed 80768K, reserved 1122304K
  class space    used 10786K, committed 11072K, reserved 1048576K
}
Event: 10.333 GC heap before
{Heap before GC invocations=37 (full 0):
 garbage-first heap   total 124928K, used 100731K [0x00000000a0000000, 0x0000000100000000)
  region size 1024K, 37 young (37888K), 3 survivors (3072K)
 Metaspace       used 80660K, committed 81344K, reserved 1122304K
  class space    used 10890K, committed 11200K, reserved 1048576K
}
Event: 10.338 GC heap after
{Heap after GC invocations=38 (full 0):
 garbage-first heap   total 124928K, used 68959K [0x00000000a0000000, 0x0000000100000000)
  region size 1024K, 5 young (5120K), 5 survivors (5120K)
 Metaspace       used 80660K, committed 81344K, reserved 1122304K
  class space    used 10890K, committed 11200K, reserved 1048576K
}
Event: 10.545 GC heap before
{Heap before GC invocations=39 (full 0):
 garbage-first heap   total 133120K, used 101727K [0x00000000a0000000, 0x0000000100000000)
  region size 1024K, 37 young (37888K), 5 survivors (5120K)
 Metaspace       used 80765K, committed 81408K, reserved 1122304K
  class space    used 10903K, committed 11200K, reserved 1048576K
}
Event: 10.550 GC heap after
{Heap after GC invocations=40 (full 0):
 garbage-first heap   total 133120K, used 70600K [0x00000000a0000000, 0x0000000100000000)
  region size 1024K, 2 young (2048K), 2 survivors (2048K)
 Metaspace       used 80765K, committed 81408K, reserved 1122304K
  class space    used 10903K, committed 11200K, reserved 1048576K
}
Event: 10.906 GC heap before
{Heap before GC invocations=40 (full 0):
 garbage-first heap   total 133120K, used 108488K [0x00000000a0000000, 0x0000000100000000)
  region size 1024K, 39 young (39936K), 2 survivors (2048K)
 Metaspace       used 82840K, committed 83520K, reserved 1122304K
  class space    used 11185K, committed 11456K, reserved 1048576K
}
Event: 10.910 GC heap after
{Heap after GC invocations=41 (full 0):
 garbage-first heap   total 133120K, used 73533K [0x00000000a0000000, 0x0000000100000000)
  region size 1024K, 5 young (5120K), 5 survivors (5120K)
 Metaspace       used 82840K, committed 83520K, reserved 1122304K
  class space    used 11185K, committed 11456K, reserved 1048576K
}
Event: 11.602 GC heap before
{Heap before GC invocations=42 (full 0):
 garbage-first heap   total 135168K, used 108349K [0x00000000a0000000, 0x0000000100000000)
  region size 1024K, 39 young (39936K), 5 survivors (5120K)
 Metaspace       used 86541K, committed 87232K, reserved 1130496K
  class space    used 11882K, committed 12160K, reserved 1048576K
}
Event: 11.615 GC heap after
{Heap after GC invocations=43 (full 0):
 garbage-first heap   total 135168K, used 76007K [0x00000000a0000000, 0x0000000100000000)
  region size 1024K, 3 young (3072K), 3 survivors (3072K)
 Metaspace       used 86541K, committed 87232K, reserved 1130496K
  class space    used 11882K, committed 12160K, reserved 1048576K
}
Event: 12.394 GC heap before
{Heap before GC invocations=43 (full 0):
 garbage-first heap   total 135168K, used 110823K [0x00000000a0000000, 0x0000000100000000)
  region size 1024K, 37 young (37888K), 3 survivors (3072K)
 Metaspace       used 88248K, committed 88960K, reserved 1130496K
  class space    used 12123K, committed 12416K, reserved 1048576K
}
Event: 12.401 GC heap after
{Heap after GC invocations=44 (full 0):
 garbage-first heap   total 162816K, used 79392K [0x00000000a0000000, 0x0000000100000000)
  region size 1024K, 5 young (5120K), 5 survivors (5120K)
 Metaspace       used 88248K, committed 88960K, reserved 1130496K
  class space    used 12123K, committed 12416K, reserved 1048576K
}
Event: 13.144 GC heap before
{Heap before GC invocations=45 (full 0):
 garbage-first heap   total 162816K, used 132640K [0x00000000a0000000, 0x0000000100000000)
  region size 1024K, 57 young (58368K), 5 survivors (5120K)
 Metaspace       used 92812K, committed 93504K, reserved 1130496K
  class space    used 12849K, committed 13184K, reserved 1048576K
}
Event: 13.153 GC heap after
{Heap after GC invocations=46 (full 0):
 garbage-first heap   total 162816K, used 84035K [0x00000000a0000000, 0x0000000100000000)
  region size 1024K, 8 young (8192K), 8 survivors (8192K)
 Metaspace       used 92812K, committed 93504K, reserved 1130496K
  class space    used 12849K, committed 13184K, reserved 1048576K
}
Event: 13.831 GC heap before
{Heap before GC invocations=46 (full 0):
 garbage-first heap   total 162816K, used 131139K [0x00000000a0000000, 0x0000000100000000)
  region size 1024K, 54 young (55296K), 8 survivors (8192K)
 Metaspace       used 96415K, committed 97088K, reserved 1138688K
  class space    used 13278K, committed 13568K, reserved 1048576K
}
Event: 13.842 GC heap after
{Heap after GC invocations=47 (full 0):
 garbage-first heap   total 162816K, used 89156K [0x00000000a0000000, 0x0000000100000000)
  region size 1024K, 6 young (6144K), 6 survivors (6144K)
 Metaspace       used 96415K, committed 97088K, reserved 1138688K
  class space    used 13278K, committed 13568K, reserved 1048576K
}
Event: 14.598 GC heap before
{Heap before GC invocations=48 (full 0):
 garbage-first heap   total 165888K, used 132164K [0x00000000a0000000, 0x0000000100000000)
  region size 1024K, 49 young (50176K), 6 survivors (6144K)
 Metaspace       used 99005K, committed 99776K, reserved 1138688K
  class space    used 13584K, committed 13952K, reserved 1048576K
}
Event: 14.604 GC heap after
{Heap after GC invocations=49 (full 0):
 garbage-first heap   total 165888K, used 94337K [0x00000000a0000000, 0x0000000100000000)
  region size 1024K, 6 young (6144K), 6 survivors (6144K)
 Metaspace       used 99005K, committed 99776K, reserved 1138688K
  class space    used 13584K, committed 13952K, reserved 1048576K
}

Dll operation events (2 events):
Event: 0.009 Loaded shared library C:\Program Files\Android\Android Studio\jbr\bin\java.dll
Event: 0.501 Loaded shared library C:\Program Files\Android\Android Studio\jbr\bin\verify.dll

Deoptimization events (20 events):
Event: 14.519 Thread 0x000002a0c7ae8de0 DEOPT PACKING pc=0x000002a0b109fbd8 sp=0x000000e3440fab90
Event: 14.519 Thread 0x000002a0c7ae8de0 DEOPT UNPACKING pc=0x000002a0b7677143 sp=0x000000e3440fa098 mode 0
Event: 14.532 Thread 0x000002a0c7ae8de0 DEOPT PACKING pc=0x000002a0b109fbd8 sp=0x000000e3440fb1b0
Event: 14.532 Thread 0x000002a0c7ae8de0 DEOPT UNPACKING pc=0x000002a0b7677143 sp=0x000000e3440fa6b8 mode 0
Event: 14.533 Thread 0x000002a0c7ae8de0 DEOPT PACKING pc=0x000002a0b109fbd8 sp=0x000000e3440fb1b0
Event: 14.533 Thread 0x000002a0c7ae8de0 DEOPT UNPACKING pc=0x000002a0b7677143 sp=0x000000e3440fa6b8 mode 0
Event: 14.533 Thread 0x000002a0c7ae8de0 DEOPT PACKING pc=0x000002a0b109fbd8 sp=0x000000e3440fb1b0
Event: 14.533 Thread 0x000002a0c7ae8de0 DEOPT UNPACKING pc=0x000002a0b7677143 sp=0x000000e3440fa6b8 mode 0
Event: 14.534 Thread 0x000002a0c7ae8de0 DEOPT PACKING pc=0x000002a0b109fbd8 sp=0x000000e3440fb1a0
Event: 14.534 Thread 0x000002a0c7ae8de0 DEOPT UNPACKING pc=0x000002a0b7677143 sp=0x000000e3440fa6a8 mode 0
Event: 14.535 Thread 0x000002a0c7ae8de0 DEOPT PACKING pc=0x000002a0b109fbd8 sp=0x000000e3440fb1a0
Event: 14.535 Thread 0x000002a0c7ae8de0 DEOPT UNPACKING pc=0x000002a0b7677143 sp=0x000000e3440fa6a8 mode 0
Event: 14.535 Thread 0x000002a0c7ae8de0 DEOPT PACKING pc=0x000002a0b109fbd8 sp=0x000000e3440fb1a0
Event: 14.535 Thread 0x000002a0c7ae8de0 DEOPT UNPACKING pc=0x000002a0b7677143 sp=0x000000e3440fa6a8 mode 0
Event: 14.536 Thread 0x000002a0c7ae8de0 DEOPT PACKING pc=0x000002a0b109fbd8 sp=0x000000e3440fb1a0
Event: 14.536 Thread 0x000002a0c7ae8de0 DEOPT UNPACKING pc=0x000002a0b7677143 sp=0x000000e3440fa6a8 mode 0
Event: 14.536 Thread 0x000002a0c7ae8de0 DEOPT PACKING pc=0x000002a0b109fbd8 sp=0x000000e3440fb1a0
Event: 14.536 Thread 0x000002a0c7ae8de0 DEOPT UNPACKING pc=0x000002a0b7677143 sp=0x000000e3440fa6a8 mode 0
Event: 14.537 Thread 0x000002a0c7ae8de0 DEOPT PACKING pc=0x000002a0b109fbd8 sp=0x000000e3440fb1a0
Event: 14.537 Thread 0x000002a0c7ae8de0 DEOPT UNPACKING pc=0x000002a0b7677143 sp=0x000000e3440fa6a8 mode 0

Classes unloaded (0 events):
No events

Classes redefined (0 events):
No events

Internal exceptions (20 events):
Event: 14.585 Thread 0x000002a0c7ae8de0 Exception <a 'java/lang/ClassNotFoundException'{0x00000000a79ebcc8}: org/gradle/process/internal/DefaultExecAction_DecoratedBeanInfo> (0x00000000a79ebcc8) 
thrown [s\src\hotspot\share\classfile\systemDictionary.cpp, line 256]
Event: 14.586 Thread 0x000002a0c7ae8de0 Exception <a 'java/lang/ClassNotFoundException'{0x00000000a79ff168}: org/gradle/process/internal/DefaultExecActionBeanInfo> (0x00000000a79ff168) 
thrown [s\src\hotspot\share\classfile\systemDictionary.cpp, line 256]
Event: 14.586 Thread 0x000002a0c7ae8de0 Exception <a 'java/lang/ClassNotFoundException'{0x00000000a7813258}: org/gradle/process/internal/DefaultExecHandleBuilderBeanInfo> (0x00000000a7813258) 
thrown [s\src\hotspot\share\classfile\systemDictionary.cpp, line 256]
Event: 14.587 Thread 0x000002a0c7ae8de0 Exception <a 'java/lang/ClassNotFoundException'{0x00000000a78278c8}: org/gradle/process/internal/AbstractExecHandleBuilderBeanInfo> (0x00000000a78278c8) 
thrown [s\src\hotspot\share\classfile\systemDictionary.cpp, line 256]
Event: 14.587 Thread 0x000002a0c7ae8de0 Exception <a 'java/lang/ClassNotFoundException'{0x00000000a783c198}: org/gradle/process/internal/DefaultProcessForkOptionsBeanInfo> (0x00000000a783c198) 
thrown [s\src\hotspot\share\classfile\systemDictionary.cpp, line 256]
Event: 14.587 Thread 0x000002a0c7ae8de0 Exception <a 'java/lang/ClassNotFoundException'{0x00000000a7850b28}: org/gradle/process/internal/DefaultProcessForkOptionsCustomizer> (0x00000000a7850b28) 
thrown [s\src\hotspot\share\classfile\systemDictionary.cpp, line 256]
Event: 14.588 Thread 0x000002a0c7ae8de0 Exception <a 'java/lang/ClassNotFoundException'{0x00000000a78728c0}: org/gradle/process/internal/AbstractExecHandleBuilderCustomizer> (0x00000000a78728c0) 
thrown [s\src\hotspot\share\classfile\systemDictionary.cpp, line 256]
Event: 14.588 Thread 0x000002a0c7ae8de0 Exception <a 'java/lang/ClassNotFoundException'{0x00000000a7898cf0}: org/gradle/process/internal/DefaultExecHandleBuilderCustomizer> (0x00000000a7898cf0) 
thrown [s\src\hotspot\share\classfile\systemDictionary.cpp, line 256]
Event: 14.589 Thread 0x000002a0c7ae8de0 Exception <a 'java/lang/ClassNotFoundException'{0x00000000a78dadd0}: org/gradle/process/internal/DefaultExecActionCustomizer> (0x00000000a78dadd0) 
thrown [s\src\hotspot\share\classfile\systemDictionary.cpp, line 256]
Event: 14.590 Thread 0x000002a0c7ae8de0 Exception <a 'java/lang/ClassNotFoundException'{0x00000000a78f87b8}: org/gradle/process/internal/DefaultExecAction_DecoratedCustomizer> (0x00000000a78f87b8) 
thrown [s\src\hotspot\share\classfile\systemDictionary.cpp, line 256]
Event: 14.591 Thread 0x000002a0c7ae8de0 Exception <a 'java/lang/ClassNotFoundException'{0x00000000a7734428}: org/gradle/api/logging/LogLevelBeanInfo> (0x00000000a7734428) 
thrown [s\src\hotspot\share\classfile\systemDictionary.cpp, line 256]
Event: 14.591 Thread 0x000002a0c7ae8de0 Exception <a 'java/lang/ClassNotFoundException'{0x00000000a7747480}: org/gradle/api/logging/LogLevelCustomizer> (0x00000000a7747480) 
thrown [s\src\hotspot\share\classfile\systemDictionary.cpp, line 256]
Event: 14.592 Thread 0x000002a0c7ae8de0 Exception <a 'java/lang/ClassNotFoundException'{0x00000000a7790d58}: org/gradle/internal/logging/services/DefaultLoggingManagerBeanInfo> (0x00000000a7790d58) 
thrown [s\src\hotspot\share\classfile\systemDictionary.cpp, line 256]
Event: 14.593 Thread 0x000002a0c7ae8de0 Exception <a 'java/lang/ClassNotFoundException'{0x00000000a77a4730}: org/gradle/internal/logging/services/DefaultLoggingManagerCustomizer> (0x00000000a77a4730) 
thrown [s\src\hotspot\share\classfile\systemDictionary.cpp, line 256]
Event: 14.594 Thread 0x000002a0c7ae8de0 Exception <a 'java/lang/ClassNotFoundException'{0x00000000a77d7590}: java/lang/BooleanBeanInfo> (0x00000000a77d7590) 
thrown [s\src\hotspot\share\classfile\systemDictionary.cpp, line 256]
Event: 14.595 Thread 0x000002a0c7ae8de0 Exception <a 'java/lang/ClassNotFoundException'{0x00000000a77df368}: java/lang/BooleanCustomizer> (0x00000000a77df368) 
thrown [s\src\hotspot\share\classfile\systemDictionary.cpp, line 256]
Event: 14.809 Thread 0x000002a0cdf12040 Exception <a 'java/lang/NoSuchMethodError'{0x00000000aa156130}: 'void java.lang.invoke.DirectMethodHandle$Holder.invokeStatic(java.lang.Object, long)'> (0x00000000aa156130) 
thrown [s\src\hotspot\share\interpreter\linkResolver.cpp, line 771]
Event: 14.810 Thread 0x000002a0cdf12040 Exception <a 'java/lang/NoSuchMethodError'{0x00000000aa15bf90}: 'java.lang.Object java.lang.invoke.DirectMethodHandle$Holder.newInvokeSpecial(java.lang.Object, long)'> (0x00000000aa15bf90) 
thrown [s\src\hotspot\share\interpreter\linkResolver.cpp, line 771]
Event: 14.811 Thread 0x000002a0cdf12040 Exception <a 'java/lang/NoSuchMethodError'{0x00000000aa163b48}: 'java.lang.Object java.lang.invoke.DirectMethodHandle$Holder.invokeStatic(java.lang.Object, java.lang.Object, long, java.lang.Object)'> (0x00000000aa163b48) 
thrown [s\src\hotspot\share\interpreter\linkResolver.cpp, line 771]
Event: 14.812 Thread 0x000002a0cdf12040 Exception <a 'java/lang/NoSuchMethodError'{0x00000000aa167f28}: 'java.lang.Object java.lang.invoke.DirectMethodHandle$Holder.invokeStaticInit(java.lang.Object, java.lang.Object, long, java.lang.Object)'> (0x00000000aa167f28) 
thrown [s\src\hotspot\share\interpreter\linkResolver.cpp, line 771]

VM Operations (20 events):
Event: 14.116 Executing VM operation: HandshakeAllThreads
Event: 14.116 Executing VM operation: HandshakeAllThreads done
Event: 14.373 Executing VM operation: HandshakeAllThreads
Event: 14.374 Executing VM operation: HandshakeAllThreads done
Event: 14.553 Executing VM operation: HandshakeAllThreads
Event: 14.553 Executing VM operation: HandshakeAllThreads done
Event: 14.554 Executing VM operation: HandshakeAllThreads
Event: 14.555 Executing VM operation: HandshakeAllThreads done
Event: 14.557 Executing VM operation: HandshakeAllThreads
Event: 14.557 Executing VM operation: HandshakeAllThreads done
Event: 14.598 Executing VM operation: G1CollectForAllocation
Event: 14.604 Executing VM operation: G1CollectForAllocation done
Event: 14.814 Executing VM operation: HandshakeAllThreads
Event: 14.814 Executing VM operation: HandshakeAllThreads done
Event: 15.826 Executing VM operation: Cleanup
Event: 15.826 Executing VM operation: Cleanup done
Event: 17.844 Executing VM operation: Cleanup
Event: 17.844 Executing VM operation: Cleanup done
Event: 20.473 Executing VM operation: HandshakeAllThreads
Event: 20.473 Executing VM operation: HandshakeAllThreads done

Events (20 events):
Event: 14.594 loading class java/lang/BooleanBeanInfo done
Event: 14.594 loading class java/lang/BooleanBeanInfo
Event: 14.594 loading class java/lang/BooleanBeanInfo done
Event: 14.594 loading class java/lang/BooleanCustomizer
Event: 14.594 loading class java/lang/BooleanCustomizer done
Event: 14.595 loading class java/lang/BooleanCustomizer
Event: 14.595 loading class java/lang/BooleanCustomizer done
Event: 14.608 Thread 0x000002a0cdf12040 Thread added: 0x000002a0cdf12040
Event: 14.608 loading class java/lang/ProcessImpl
Event: 14.609 loading class java/lang/ProcessImpl done
Event: 14.810 loading class java/lang/ProcessHandleImpl
Event: 14.811 loading class java/lang/ProcessHandleImpl done
Event: 14.812 loading class java/lang/ProcessImpl$2
Event: 14.812 loading class java/lang/ProcessImpl$2 done
Event: 14.812 loading class java/lang/Process$PipeInputStream
Event: 14.813 loading class java/lang/Process$PipeInputStream done
Event: 14.814 loading class jdk/internal/event/ProcessStartEvent
Event: 14.814 loading class jdk/internal/event/ProcessStartEvent done
Event: 14.815 Thread 0x000002a0cdf12510 Thread added: 0x000002a0cdf12510
Event: 14.815 Thread 0x000002a0cdf163a0 Thread added: 0x000002a0cdf163a0


Dynamic libraries:
0x00007ff6c52a0000 - 0x00007ff6c52aa000 	C:\Program Files\Android\Android Studio\jbr\bin\java.exe
0x00007ffb3c490000 - 0x00007ffb3c687000 	C:\Windows\SYSTEM32\ntdll.dll
0x00007ffb3b3e0000 - 0x00007ffb3b49d000 	C:\Windows\System32\KERNEL32.DLL
0x00007ffb39b70000 - 0x00007ffb39e66000 	C:\Windows\System32\KERNELBASE.dll
0x00007ffb3a210000 - 0x00007ffb3a310000 	C:\Windows\System32\ucrtbase.dll
0x00007ffb133a0000 - 0x00007ffb133b7000 	C:\Program Files\Android\Android Studio\jbr\bin\jli.dll
0x00007ffb14bb0000 - 0x00007ffb14bcb000 	C:\Program Files\Android\Android Studio\jbr\bin\VCRUNTIME140.dll
0x00007ffb3b1c0000 - 0x00007ffb3b35e000 	C:\Windows\System32\USER32.dll
0x00007ffb3a1e0000 - 0x00007ffb3a202000 	C:\Windows\System32\win32u.dll
0x00007ffb23c00000 - 0x00007ffb23e9a000 	C:\Windows\WinSxS\amd64_microsoft.windows.common-controls_6595b64144ccf1df_6.0.19041.3570_none_60bb2a3971f3e41a\COMCTL32.dll
0x00007ffb3ade0000 - 0x00007ffb3ae7e000 	C:\Windows\System32\msvcrt.dll
0x00007ffb3bbf0000 - 0x00007ffb3bc1c000 	C:\Windows\System32\GDI32.dll
0x00007ffb3a380000 - 0x00007ffb3a49a000 	C:\Windows\System32\gdi32full.dll
0x00007ffb3a140000 - 0x00007ffb3a1dd000 	C:\Windows\System32\msvcp_win.dll
0x00007ffb3b510000 - 0x00007ffb3b540000 	C:\Windows\System32\IMM32.DLL
0x0000000054c50000 - 0x0000000054c5c000 	C:\Program Files (x86)\360\Total Security\safemon\SafeWrapper.dll
0x00007ffb3c3a0000 - 0x00007ffb3c44e000 	C:\Windows\System32\ADVAPI32.dll
0x00007ffb3bb50000 - 0x00007ffb3bbec000 	C:\Windows\System32\sechost.dll
0x00007ffb3b540000 - 0x00007ffb3b666000 	C:\Windows\System32\RPCRT4.dll
0x00007ffafcfd0000 - 0x00007ffafd062000 	C:\Program Files (x86)\360\Total Security\safemon\libzdtp64.dll
0x00007ffb3a510000 - 0x00007ffb3ac54000 	C:\Windows\System32\SHELL32.dll
0x00007ffb3baf0000 - 0x00007ffb3bb45000 	C:\Windows\System32\SHLWAPI.dll
0x00007ffb396e0000 - 0x00007ffb396ea000 	C:\Windows\SYSTEM32\VERSION.dll
0x00007ffb2fd90000 - 0x00007ffb2fd9c000 	C:\Program Files\Android\Android Studio\jbr\bin\vcruntime140_1.dll
0x00007ffafd190000 - 0x00007ffafd21d000 	C:\Program Files\Android\Android Studio\jbr\bin\msvcp140.dll
0x00007ffac6dd0000 - 0x00007ffac7a3e000 	C:\Program Files\Android\Android Studio\jbr\bin\server\jvm.dll
0x00007ffb2fdf0000 - 0x00007ffb2fdf9000 	C:\Windows\SYSTEM32\WSOCK32.dll
0x00007ffb24200000 - 0x00007ffb24227000 	C:\Windows\SYSTEM32\WINMM.dll
0x00007ffb3b150000 - 0x00007ffb3b1bb000 	C:\Windows\System32\WS2_32.dll
0x00007ffb379a0000 - 0x00007ffb379b2000 	C:\Windows\SYSTEM32\kernel.appcore.dll
0x00007ffb21310000 - 0x00007ffb2131a000 	C:\Program Files\Android\Android Studio\jbr\bin\jimage.dll
0x00007ffb25780000 - 0x00007ffb25964000 	C:\Windows\SYSTEM32\DBGHELP.DLL
0x00007ffb21490000 - 0x00007ffb214c4000 	C:\Windows\SYSTEM32\dbgcore.DLL
0x00007ffb3a0b0000 - 0x00007ffb3a132000 	C:\Windows\System32\bcryptPrimitives.dll
0x00007ffb15fd0000 - 0x00007ffb15ff5000 	C:\Program Files\Android\Android Studio\jbr\bin\java.dll
0x00007ffb1e710000 - 0x00007ffb1e728000 	C:\Program Files\Android\Android Studio\jbr\bin\zip.dll
0x00007ffb37ba0000 - 0x00007ffb3833b000 	C:\Windows\SYSTEM32\windows.storage.dll
0x00007ffb3bd60000 - 0x00007ffb3c0b4000 	C:\Windows\System32\combase.dll
0x00007ffb39540000 - 0x00007ffb3956d000 	C:\Windows\SYSTEM32\Wldp.dll
0x00007ffb3c1b0000 - 0x00007ffb3c25d000 	C:\Windows\System32\SHCORE.dll
0x00007ffb39aa0000 - 0x00007ffb39ac5000 	C:\Windows\SYSTEM32\profapi.dll
0x00007ffb15fb0000 - 0x00007ffb15fc9000 	C:\Program Files\Android\Android Studio\jbr\bin\net.dll
0x00007ffb31410000 - 0x00007ffb3151a000 	C:\Windows\SYSTEM32\WINHTTP.dll
0x00007ffb392a0000 - 0x00007ffb3930a000 	C:\Windows\system32\mswsock.dll
0x00007ffb151c0000 - 0x00007ffb151d6000 	C:\Program Files\Android\Android Studio\jbr\bin\nio.dll
0x00007ffb1e660000 - 0x00007ffb1e670000 	C:\Program Files\Android\Android Studio\jbr\bin\verify.dll
0x00007ffb0c770000 - 0x00007ffb0c797000 	C:\Users\User\.gradle\native\e1d6ef7f7dcc3fd88c89a11ec53ec762bb8ba0a96d01ffa2cd45eb1d1d8dd5c5\windows-amd64\native-platform.dll
0x00007ffaf8130000 - 0x00007ffaf8274000 	C:\Users\User\.gradle\native\0d407fdbe67a94daf76414ababcb853783967236a71b16ec16e742cd7a986fd3\windows-amd64\native-platform-file-events.dll
0x00007ffb1bb60000 - 0x00007ffb1bb69000 	C:\Program Files\Android\Android Studio\jbr\bin\management.dll
0x00007ffb1ad30000 - 0x00007ffb1ad3b000 	C:\Program Files\Android\Android Studio\jbr\bin\management_ext.dll
0x00007ffb3b500000 - 0x00007ffb3b508000 	C:\Windows\System32\PSAPI.DLL
0x00007ffb394a0000 - 0x00007ffb394b8000 	C:\Windows\SYSTEM32\CRYPTSP.dll
0x00007ffb38b40000 - 0x00007ffb38b74000 	C:\Windows\system32\rsaenh.dll
0x00007ffb3a080000 - 0x00007ffb3a0a7000 	C:\Windows\System32\bcrypt.dll
0x00007ffb39a60000 - 0x00007ffb39a8e000 	C:\Windows\SYSTEM32\USERENV.dll
0x00007ffb39490000 - 0x00007ffb3949c000 	C:\Windows\SYSTEM32\CRYPTBASE.dll
0x00007ffb38f40000 - 0x00007ffb38f7b000 	C:\Windows\SYSTEM32\IPHLPAPI.DLL
0x00007ffb3bc20000 - 0x00007ffb3bc28000 	C:\Windows\System32\NSI.dll
0x00007ffb320f0000 - 0x00007ffb32107000 	C:\Windows\SYSTEM32\dhcpcsvc6.DLL
0x00007ffb33850000 - 0x00007ffb3386d000 	C:\Windows\SYSTEM32\dhcpcsvc.DLL
0x00007ffb38f80000 - 0x00007ffb3904a000 	C:\Windows\SYSTEM32\DNSAPI.dll
0x00007ffb21b90000 - 0x00007ffb21b97000 	C:\Windows\system32\wshunix.dll

dbghelp: loaded successfully - version: 4.0.5 - missing functions: none
symbol engine: initialized successfully - sym options: 0x614 - pdb path: .;C:\Program Files\Android\Android Studio\jbr\bin;C:\Windows\SYSTEM32;C:\Windows\WinSxS\amd64_microsoft.windows.common-controls_6595b64144ccf1df_6.0.19041.3570_none_60bb2a3971f3e41a;C:\Program Files (x86)\360\Total Security\safemon;C:\Program Files\Android\Android Studio\jbr\bin\server;C:\Users\User\.gradle\native\e1d6ef7f7dcc3fd88c89a11ec53ec762bb8ba0a96d01ffa2cd45eb1d1d8dd5c5\windows-amd64;C:\Users\User\.gradle\native\0d407fdbe67a94daf76414ababcb853783967236a71b16ec16e742cd7a986fd3\windows-amd64

VM Arguments:
jvm_args: --add-opens=java.base/java.util=ALL-UNNAMED --add-opens=java.base/java.lang=ALL-UNNAMED --add-opens=java.base/java.lang.invoke=ALL-UNNAMED --add-opens=java.base/java.util=ALL-UNNAMED --add-opens=java.prefs/java.util.prefs=ALL-UNNAMED --add-opens=java.prefs/java.util.prefs=ALL-UNNAMED --add-opens=java.base/java.nio.charset=ALL-UNNAMED --add-opens=java.base/java.net=ALL-UNNAMED --add-opens=java.base/java.util.concurrent.atomic=ALL-UNNAMED -Xmx1536M -Dfile.encoding=windows-1252 -Duser.country=US -Duser.language=en -Duser.variant 
java_command: org.gradle.launcher.daemon.bootstrap.GradleDaemon 7.5
java_class_path (initial): C:\Users\User\.gradle\wrapper\dists\gradle-7.5-all\6qsw290k5lz422uaf8jf6m7co\gradle-7.5\lib\gradle-launcher-7.5.jar
Launcher Type: SUN_STANDARD

[Global flags]
     intx CICompilerCount                          = 4                                         {product} {ergonomic}
     uint ConcGCThreads                            = 2                                         {product} {ergonomic}
     uint G1ConcRefinementThreads                  = 8                                         {product} {ergonomic}
   size_t G1HeapRegionSize                         = 1048576                                   {product} {ergonomic}
    uintx GCDrainStackTargetSize                   = 64                                        {product} {ergonomic}
   size_t InitialHeapSize                          = 134217728                                 {product} {ergonomic}
   size_t MarkStackSize                            = 4194304                                   {product} {ergonomic}
   size_t MaxHeapSize                              = 1610612736                                {product} {command line}
   size_t MaxNewSize                               = 965738496                                 {product} {ergonomic}
   size_t MinHeapDeltaBytes                        = 1048576                                   {product} {ergonomic}
   size_t MinHeapSize                              = 8388608                                   {product} {ergonomic}
    uintx NonNMethodCodeHeapSize                   = 5839372                                {pd product} {ergonomic}
    uintx NonProfiledCodeHeapSize                  = 122909434                              {pd product} {ergonomic}
    uintx ProfiledCodeHeapSize                     = 122909434                              {pd product} {ergonomic}
    uintx ReservedCodeCacheSize                    = 251658240                              {pd product} {ergonomic}
     bool SegmentedCodeCache                       = true                                      {product} {ergonomic}
   size_t SoftMaxHeapSize                          = 1610612736                             {manageable} {ergonomic}
     bool UseCompressedClassPointers               = true                           {product lp64_product} {ergonomic}
     bool UseCompressedOops                        = true                           {product lp64_product} {ergonomic}
     bool UseG1GC                                  = true                                      {product} {ergonomic}
     bool UseLargePagesIndividualAllocation        = false                                  {pd product} {ergonomic}

Logging:
Log output configuration:
 #0: stdout all=warning uptime,level,tags
 #1: stderr all=off uptime,level,tags

Environment Variables:
JAVA_HOME=C:\Program Files\Android\Android Studio\jbr
CLASSPATH=E:\ss\flutter\zflutter project\weather_application\android\\gradle\wrapper\gradle-wrapper.jar
PATH=C:\Program Files\Android\Android Studio\jbr\bin;C:\Program Files\Common Files\Oracle\Java\javapath;C:\Program Files (x86)\Common Files\Oracle\Java\javapath;C:\Windows\system32;C:\Windows;C:\Windows\System32\Wbem;C:\Windows\System32\WindowsPowerShell\v1.0\;C:\Windows\System32\OpenSSH\;"C:\src\flutter\bin;";"C:\Program Files\Dart\dart-sdk\bin;";C:\Program Files\Git\cmd;C:\Users\User\anaconda3\Lib\venv\scripts\nt;C:\Users\User\AppData\Local\Programs\Python\Python311;C:\Program Files\nodejs\;?D:\ngrok.exe;C:\Users\User\AppData\Local\Microsoft\WindowsApps;"C:\Program Files\Dart\dart-sdk\bin;";"C:\src\flutter\bin;";C:\Users\User\AppData\Local\Programs\Microsoft VS Code\bin;C:\Users\User\AppData\Local\Programs\Python\Python311;C:\src\flutter\bin;C:\Users\User\AppData\Roaming\npm;C:\Users\User\AppData\Local\GitHubDesktop\bin;?D:\ngrok.exe;;C:\src\flutter\bin\mingit\cmd
USERNAME=User
OS=Windows_NT
PROCESSOR_IDENTIFIER=Intel64 Family 6 Model 142 Stepping 12, GenuineIntel
TMP=C:\Users\User\AppData\Local\Temp
TEMP=C:\Users\User\AppData\Local\Temp


JNI global refs:
JNI global refs: 26, weak refs: 6

JNI global refs memory usage: 843, weak refs: 841


---------------  S Y S T E M  ---------------

OS:
 Windows 10 , 64 bit Build 19041 (10.0.19041.3570)
OS uptime: 4 days 14:13 hours

CPU: total 8 (initial active 8) (4 cores per cpu, 2 threads per core) family 6 model 142 stepping 12 microcode 0xb8, cx8, cmov, fxsr, ht, mmx, 3dnowpref, sse, sse2, sse3, ssse3, sse4.1, sse4.2, popcnt, lzcnt, tsc, tscinvbit, avx, avx2, aes, erms, clmul, bmi1, bmi2, adx, fma, vzeroupper, clflush, clflushopt

Memory: 4k page, system-wide physical 8068M (181M free)
TotalPageFile size 18067M (AvailPageFile size 0M)
current process WorkingSet (physical memory assigned to process): 386M, peak: 401M
current process commit charge ("private bytes"): 431M, peak: 443M

vm_info: OpenJDK 64-Bit Server VM (17.0.6+0-b2043.56-10027231) for windows-amd64 JRE (17.0.6+0-b2043.56-10027231), built on Apr 28 2023 00:43:19 by "androidbuild" with MS VC++ 16.10 / 16.11 (VS2019)

END.
